{"/Users/dianachong/HR/rfe2209-fec/src/App.jsx": {"path":"/Users/dianachong/HR/rfe2209-fec/src/App.jsx","statementMap":{"0":{"start":{"line":13,"column":32},"end":{"line":13,"column":65}},"1":{"start":{"line":16,"column":2},"end":{"line":26,"column":9}},"2":{"start":{"line":18,"column":4},"end":{"line":25,"column":8}},"3":{"start":{"line":20,"column":8},"end":{"line":20,"column":37}},"4":{"start":{"line":24,"column":8},"end":{"line":24,"column":25}},"5":{"start":{"line":28,"column":2},"end":{"line":31,"column":16}},"6":{"start":{"line":33,"column":2},"end":{"line":40,"column":3}}},"fnMap":{"0":{"name":"App","decl":{"start":{"line":12,"column":9},"end":{"line":12,"column":12}},"loc":{"start":{"line":12,"column":16},"end":{"line":41,"column":1}},"line":12},"1":{"name":"(anonymous_1)","decl":{"start":{"line":16,"column":18},"end":{"line":16,"column":19}},"loc":{"start":{"line":16,"column":24},"end":{"line":26,"column":3}},"line":16},"2":{"name":"(anonymous_2)","decl":{"start":{"line":19,"column":12},"end":{"line":19,"column":13}},"loc":{"start":{"line":19,"column":26},"end":{"line":22,"column":7}},"line":19},"3":{"name":"(anonymous_3)","decl":{"start":{"line":23,"column":13},"end":{"line":23,"column":14}},"loc":{"start":{"line":23,"column":22},"end":{"line":25,"column":7}},"line":23},"4":{"name":"(anonymous_4)","decl":{"start":{"line":28,"column":18},"end":{"line":28,"column":19}},"loc":{"start":{"line":28,"column":24},"end":{"line":31,"column":3}},"line":28}},"branchMap":{"0":{"loc":{"start":{"line":37,"column":7},"end":{"line":37,"column":87}},"type":"binary-expr","locations":[{"start":{"line":37,"column":7},"end":{"line":37,"column":17}},{"start":{"line":37,"column":21},"end":{"line":37,"column":87}}],"line":37}},"s":{"0":1,"1":1,"2":0,"3":0,"4":0,"5":1,"6":1},"f":{"0":1,"1":0,"2":0,"3":0,"4":0},"b":{"0":[1,0]},"_coverageSchema":"1a1c01bbd47fc00a2c39e90264f33305004495a9","hash":"21bc1f459ebcecd76d64e87875edf4f31dae3dd8"}
,"/Users/dianachong/HR/rfe2209-fec/src/config.js": {"path":"/Users/dianachong/HR/rfe2209-fec/src/config.js","statementMap":{"0":{"start":{"line":1,"column":14},"end":{"line":1,"column":56}}},"fnMap":{},"branchMap":{},"s":{"0":3},"f":{},"b":{},"_coverageSchema":"1a1c01bbd47fc00a2c39e90264f33305004495a9","hash":"f7df59b99f4f428405557d35a2223c4bd186f513"}
,"/Users/dianachong/HR/rfe2209-fec/src/components/Q&A/Answer.jsx": {"path":"/Users/dianachong/HR/rfe2209-fec/src/components/Q&A/Answer.jsx","statementMap":{"0":{"start":{"line":6,"column":15},"end":{"line":6,"column":69}},"1":{"start":{"line":7,"column":15},"end":{"line":65,"column":1}},"2":{"start":{"line":8,"column":2},"end":{"line":64,"column":3}},"3":{"start":{"line":9,"column":17},"end":{"line":9,"column":108}},"4":{"start":{"line":10,"column":15},"end":{"line":10,"column":48}},"5":{"start":{"line":11,"column":4},"end":{"line":11,"column":40}},"6":{"start":{"line":12,"column":15},"end":{"line":12,"column":50}},"7":{"start":{"line":14,"column":28},"end":{"line":14,"column":43}},"8":{"start":{"line":15,"column":32},"end":{"line":15,"column":47}},"9":{"start":{"line":17,"column":24},"end":{"line":32,"column":5}},"10":{"start":{"line":18,"column":6},"end":{"line":31,"column":11}},"11":{"start":{"line":24,"column":10},"end":{"line":24,"column":25}},"12":{"start":{"line":27,"column":10},"end":{"line":27,"column":31}},"13":{"start":{"line":30,"column":10},"end":{"line":30,"column":46}},"14":{"start":{"line":34,"column":26},"end":{"line":46,"column":5}},"15":{"start":{"line":35,"column":6},"end":{"line":45,"column":10}},"16":{"start":{"line":41,"column":10},"end":{"line":41,"column":29}},"17":{"start":{"line":44,"column":10},"end":{"line":44,"column":48}},"18":{"start":{"line":48,"column":4},"end":{"line":63,"column":5}},"19":{"start":{"line":55,"column":50},"end":{"line":55,"column":72}},"20":{"start":{"line":57,"column":57},"end":{"line":57,"column":81}},"21":{"start":{"line":60,"column":56},"end":{"line":60,"column":141}}},"fnMap":{"0":{"name":"(anonymous_0)","decl":{"start":{"line":7,"column":15},"end":{"line":7,"column":16}},"loc":{"start":{"line":7,"column":50},"end":{"line":65,"column":1}},"line":7},"1":{"name":"(anonymous_1)","decl":{"start":{"line":17,"column":24},"end":{"line":17,"column":25}},"loc":{"start":{"line":17,"column":33},"end":{"line":32,"column":5}},"line":17},"2":{"name":"(anonymous_2)","decl":{"start":{"line":23,"column":14},"end":{"line":23,"column":15}},"loc":{"start":{"line":23,"column":28},"end":{"line":25,"column":9}},"line":23},"3":{"name":"(anonymous_3)","decl":{"start":{"line":26,"column":14},"end":{"line":26,"column":15}},"loc":{"start":{"line":26,"column":28},"end":{"line":28,"column":9}},"line":26},"4":{"name":"(anonymous_4)","decl":{"start":{"line":29,"column":15},"end":{"line":29,"column":16}},"loc":{"start":{"line":29,"column":24},"end":{"line":31,"column":9}},"line":29},"5":{"name":"(anonymous_5)","decl":{"start":{"line":34,"column":26},"end":{"line":34,"column":27}},"loc":{"start":{"line":34,"column":35},"end":{"line":46,"column":5}},"line":34},"6":{"name":"(anonymous_6)","decl":{"start":{"line":40,"column":14},"end":{"line":40,"column":15}},"loc":{"start":{"line":40,"column":28},"end":{"line":42,"column":9}},"line":40},"7":{"name":"(anonymous_7)","decl":{"start":{"line":43,"column":15},"end":{"line":43,"column":16}},"loc":{"start":{"line":43,"column":24},"end":{"line":45,"column":9}},"line":43},"8":{"name":"(anonymous_8)","decl":{"start":{"line":55,"column":43},"end":{"line":55,"column":44}},"loc":{"start":{"line":55,"column":49},"end":{"line":55,"column":73}},"line":55},"9":{"name":"(anonymous_9)","decl":{"start":{"line":57,"column":50},"end":{"line":57,"column":51}},"loc":{"start":{"line":57,"column":56},"end":{"line":57,"column":82}},"line":57},"10":{"name":"(anonymous_10)","decl":{"start":{"line":60,"column":37},"end":{"line":60,"column":38}},"loc":{"start":{"line":60,"column":55},"end":{"line":60,"column":142}},"line":60}},"branchMap":{"0":{"loc":{"start":{"line":8,"column":2},"end":{"line":64,"column":3}},"type":"if","locations":[{"start":{"line":8,"column":2},"end":{"line":64,"column":3}},{"start":{},"end":{}}],"line":8},"1":{"loc":{"start":{"line":53,"column":11},"end":{"line":53,"column":65}},"type":"cond-expr","locations":[{"start":{"line":53,"column":36},"end":{"line":53,"column":54}},{"start":{"line":53,"column":56},"end":{"line":53,"column":65}}],"line":53},"2":{"loc":{"start":{"line":55,"column":11},"end":{"line":55,"column":82}},"type":"cond-expr","locations":[{"start":{"line":55,"column":18},"end":{"line":55,"column":28}},{"start":{"line":55,"column":31},"end":{"line":55,"column":82}}],"line":55},"3":{"loc":{"start":{"line":57,"column":11},"end":{"line":57,"column":94}},"type":"cond-expr","locations":[{"start":{"line":57,"column":20},"end":{"line":57,"column":35}},{"start":{"line":57,"column":38},"end":{"line":57,"column":94}}],"line":57},"4":{"loc":{"start":{"line":60,"column":11},"end":{"line":60,"column":150}},"type":"cond-expr","locations":[{"start":{"line":60,"column":23},"end":{"line":60,"column":143}},{"start":{"line":60,"column":146},"end":{"line":60,"column":150}}],"line":60}},"s":{"0":2,"1":2,"2":1,"3":0,"4":0,"5":0,"6":0,"7":0,"8":0,"9":0,"10":0,"11":0,"12":0,"13":0,"14":0,"15":0,"16":0,"17":0,"18":0,"19":0,"20":0,"21":0},"f":{"0":1,"1":0,"2":0,"3":0,"4":0,"5":0,"6":0,"7":0,"8":0,"9":0,"10":0},"b":{"0":[0,1],"1":[0,0],"2":[0,0],"3":[0,0],"4":[0,0]},"_coverageSchema":"1a1c01bbd47fc00a2c39e90264f33305004495a9","hash":"df860c4c92c47b66d5095412847eb3b194608c01"}
,"/Users/dianachong/HR/rfe2209-fec/src/components/Q&A/AnswerModal.jsx": {"path":"/Users/dianachong/HR/rfe2209-fec/src/components/Q&A/AnswerModal.jsx","statementMap":{"0":{"start":{"line":5,"column":15},"end":{"line":5,"column":69}},"1":{"start":{"line":6,"column":20},"end":{"line":140,"column":1}},"2":{"start":{"line":7,"column":30},"end":{"line":7,"column":42}},"3":{"start":{"line":8,"column":34},"end":{"line":8,"column":46}},"4":{"start":{"line":9,"column":28},"end":{"line":9,"column":40}},"5":{"start":{"line":10,"column":30},"end":{"line":10,"column":42}},"6":{"start":{"line":11,"column":42},"end":{"line":11,"column":56}},"7":{"start":{"line":12,"column":38},"end":{"line":12,"column":53}},"8":{"start":{"line":14,"column":2},"end":{"line":18,"column":15}},"9":{"start":{"line":15,"column":4},"end":{"line":17,"column":5}},"10":{"start":{"line":16,"column":6},"end":{"line":16,"column":29}},"11":{"start":{"line":20,"column":23},"end":{"line":49,"column":3}},"12":{"start":{"line":22,"column":6},"end":{"line":27,"column":9}},"13":{"start":{"line":23,"column":23},"end":{"line":23,"column":39}},"14":{"start":{"line":24,"column":8},"end":{"line":24,"column":35}},"15":{"start":{"line":25,"column":8},"end":{"line":25,"column":49}},"16":{"start":{"line":25,"column":30},"end":{"line":25,"column":48}},"17":{"start":{"line":26,"column":8},"end":{"line":26,"column":43}},"18":{"start":{"line":26,"column":34},"end":{"line":26,"column":42}},"19":{"start":{"line":29,"column":4},"end":{"line":48,"column":9}},"20":{"start":{"line":31,"column":8},"end":{"line":43,"column":12}},"21":{"start":{"line":36,"column":12},"end":{"line":36,"column":50}},"22":{"start":{"line":39,"column":12},"end":{"line":39,"column":31}},"23":{"start":{"line":40,"column":12},"end":{"line":42,"column":13}},"24":{"start":{"line":41,"column":14},"end":{"line":41,"column":34}},"25":{"start":{"line":46,"column":8},"end":{"line":46,"column":27}},"26":{"start":{"line":47,"column":8},"end":{"line":47,"column":28}},"27":{"start":{"line":51,"column":23},"end":{"line":82,"column":3}},"28":{"start":{"line":52,"column":16},"end":{"line":52,"column":21}},"29":{"start":{"line":53,"column":4},"end":{"line":55,"column":5}},"30":{"start":{"line":54,"column":6},"end":{"line":54,"column":19}},"31":{"start":{"line":56,"column":4},"end":{"line":81,"column":5}},"32":{"start":{"line":57,"column":6},"end":{"line":64,"column":10}},"33":{"start":{"line":59,"column":10},"end":{"line":59,"column":30}},"34":{"start":{"line":60,"column":10},"end":{"line":60,"column":27}},"35":{"start":{"line":63,"column":10},"end":{"line":63,"column":53}},"36":{"start":{"line":66,"column":19},"end":{"line":66,"column":37}},"37":{"start":{"line":67,"column":17},"end":{"line":67,"column":39}},"38":{"start":{"line":68,"column":20},"end":{"line":68,"column":22}},"39":{"start":{"line":69,"column":6},"end":{"line":73,"column":9}},"40":{"start":{"line":70,"column":8},"end":{"line":72,"column":9}},"41":{"start":{"line":71,"column":10},"end":{"line":71,"column":36}},"42":{"start":{"line":74,"column":6},"end":{"line":76,"column":7}},"43":{"start":{"line":75,"column":8},"end":{"line":75,"column":30}},"44":{"start":{"line":77,"column":6},"end":{"line":79,"column":7}},"45":{"start":{"line":78,"column":8},"end":{"line":78,"column":31}},"46":{"start":{"line":80,"column":6},"end":{"line":80,"column":89}},"47":{"start":{"line":80,"column":74},"end":{"line":80,"column":84}},"48":{"start":{"line":84,"column":20},"end":{"line":92,"column":3}},"49":{"start":{"line":85,"column":4},"end":{"line":91,"column":6}},"50":{"start":{"line":94,"column":2},"end":{"line":139,"column":3}},"51":{"start":{"line":104,"column":75},"end":{"line":104,"column":100}},"52":{"start":{"line":108,"column":51},"end":{"line":108,"column":78}},"53":{"start":{"line":113,"column":51},"end":{"line":113,"column":75}},"54":{"start":{"line":120,"column":16},"end":{"line":120,"column":48}},"55":{"start":{"line":124,"column":15},"end":{"line":128,"column":17}},"56":{"start":{"line":134,"column":34},"end":{"line":134,"column":50}},"57":{"start":{"line":135,"column":34},"end":{"line":135,"column":48}}},"fnMap":{"0":{"name":"(anonymous_0)","decl":{"start":{"line":6,"column":20},"end":{"line":6,"column":21}},"loc":{"start":{"line":6,"column":78},"end":{"line":140,"column":1}},"line":6},"1":{"name":"(anonymous_1)","decl":{"start":{"line":14,"column":12},"end":{"line":14,"column":13}},"loc":{"start":{"line":14,"column":18},"end":{"line":18,"column":3}},"line":14},"2":{"name":"(anonymous_2)","decl":{"start":{"line":20,"column":23},"end":{"line":20,"column":24}},"loc":{"start":{"line":20,"column":33},"end":{"line":49,"column":3}},"line":20},"3":{"name":"getBase64","decl":{"start":{"line":21,"column":13},"end":{"line":21,"column":22}},"loc":{"start":{"line":21,"column":29},"end":{"line":28,"column":5}},"line":21},"4":{"name":"(anonymous_4)","decl":{"start":{"line":22,"column":25},"end":{"line":22,"column":26}},"loc":{"start":{"line":22,"column":39},"end":{"line":27,"column":7}},"line":22},"5":{"name":"(anonymous_5)","decl":{"start":{"line":25,"column":24},"end":{"line":25,"column":25}},"loc":{"start":{"line":25,"column":30},"end":{"line":25,"column":48}},"line":25},"6":{"name":"(anonymous_6)","decl":{"start":{"line":26,"column":25},"end":{"line":26,"column":26}},"loc":{"start":{"line":26,"column":34},"end":{"line":26,"column":42}},"line":26},"7":{"name":"(anonymous_7)","decl":{"start":{"line":30,"column":12},"end":{"line":30,"column":13}},"loc":{"start":{"line":30,"column":26},"end":{"line":44,"column":7}},"line":30},"8":{"name":"(anonymous_8)","decl":{"start":{"line":35,"column":16},"end":{"line":35,"column":17}},"loc":{"start":{"line":35,"column":30},"end":{"line":37,"column":11}},"line":35},"9":{"name":"(anonymous_9)","decl":{"start":{"line":38,"column":17},"end":{"line":38,"column":18}},"loc":{"start":{"line":38,"column":28},"end":{"line":43,"column":11}},"line":38},"10":{"name":"(anonymous_10)","decl":{"start":{"line":45,"column":13},"end":{"line":45,"column":14}},"loc":{"start":{"line":45,"column":24},"end":{"line":48,"column":7}},"line":45},"11":{"name":"(anonymous_11)","decl":{"start":{"line":51,"column":23},"end":{"line":51,"column":24}},"loc":{"start":{"line":51,"column":29},"end":{"line":82,"column":3}},"line":51},"12":{"name":"(anonymous_12)","decl":{"start":{"line":58,"column":14},"end":{"line":58,"column":15}},"loc":{"start":{"line":58,"column":28},"end":{"line":61,"column":9}},"line":58},"13":{"name":"(anonymous_13)","decl":{"start":{"line":62,"column":15},"end":{"line":62,"column":16}},"loc":{"start":{"line":62,"column":24},"end":{"line":64,"column":9}},"line":62},"14":{"name":"(anonymous_14)","decl":{"start":{"line":69,"column":21},"end":{"line":69,"column":22}},"loc":{"start":{"line":69,"column":39},"end":{"line":73,"column":7}},"line":69},"15":{"name":"(anonymous_15)","decl":{"start":{"line":80,"column":64},"end":{"line":80,"column":65}},"loc":{"start":{"line":80,"column":74},"end":{"line":80,"column":84}},"line":80},"16":{"name":"(anonymous_16)","decl":{"start":{"line":84,"column":20},"end":{"line":84,"column":21}},"loc":{"start":{"line":84,"column":26},"end":{"line":92,"column":3}},"line":84},"17":{"name":"(anonymous_17)","decl":{"start":{"line":104,"column":68},"end":{"line":104,"column":69}},"loc":{"start":{"line":104,"column":75},"end":{"line":104,"column":100}},"line":104},"18":{"name":"(anonymous_18)","decl":{"start":{"line":108,"column":44},"end":{"line":108,"column":45}},"loc":{"start":{"line":108,"column":51},"end":{"line":108,"column":78}},"line":108},"19":{"name":"(anonymous_19)","decl":{"start":{"line":113,"column":44},"end":{"line":113,"column":45}},"loc":{"start":{"line":113,"column":51},"end":{"line":113,"column":75}},"line":113},"20":{"name":"(anonymous_20)","decl":{"start":{"line":119,"column":24},"end":{"line":119,"column":25}},"loc":{"start":{"line":119,"column":31},"end":{"line":121,"column":15}},"line":119},"21":{"name":"(anonymous_21)","decl":{"start":{"line":123,"column":47},"end":{"line":123,"column":48}},"loc":{"start":{"line":124,"column":14},"end":{"line":129,"column":15}},"line":124},"22":{"name":"(anonymous_22)","decl":{"start":{"line":134,"column":27},"end":{"line":134,"column":28}},"loc":{"start":{"line":134,"column":33},"end":{"line":134,"column":51}},"line":134},"23":{"name":"(anonymous_23)","decl":{"start":{"line":135,"column":27},"end":{"line":135,"column":28}},"loc":{"start":{"line":135,"column":33},"end":{"line":135,"column":49}},"line":135}},"branchMap":{"0":{"loc":{"start":{"line":15,"column":4},"end":{"line":17,"column":5}},"type":"if","locations":[{"start":{"line":15,"column":4},"end":{"line":17,"column":5}},{"start":{},"end":{}}],"line":15},"1":{"loc":{"start":{"line":40,"column":12},"end":{"line":42,"column":13}},"type":"if","locations":[{"start":{"line":40,"column":12},"end":{"line":42,"column":13}},{"start":{},"end":{}}],"line":40},"2":{"loc":{"start":{"line":53,"column":4},"end":{"line":55,"column":5}},"type":"if","locations":[{"start":{"line":53,"column":4},"end":{"line":55,"column":5}},{"start":{},"end":{}}],"line":53},"3":{"loc":{"start":{"line":53,"column":8},"end":{"line":53,"column":101}},"type":"binary-expr","locations":[{"start":{"line":53,"column":8},"end":{"line":53,"column":21}},{"start":{"line":53,"column":25},"end":{"line":53,"column":40}},{"start":{"line":53,"column":44},"end":{"line":53,"column":56}},{"start":{"line":53,"column":60},"end":{"line":53,"column":86}},{"start":{"line":53,"column":90},"end":{"line":53,"column":101}}],"line":53},"4":{"loc":{"start":{"line":56,"column":4},"end":{"line":81,"column":5}},"type":"if","locations":[{"start":{"line":56,"column":4},"end":{"line":81,"column":5}},{"start":{"line":65,"column":11},"end":{"line":81,"column":5}}],"line":56},"5":{"loc":{"start":{"line":70,"column":8},"end":{"line":72,"column":9}},"type":"if","locations":[{"start":{"line":70,"column":8},"end":{"line":72,"column":9}},{"start":{},"end":{}}],"line":70},"6":{"loc":{"start":{"line":74,"column":6},"end":{"line":76,"column":7}},"type":"if","locations":[{"start":{"line":74,"column":6},"end":{"line":76,"column":7}},{"start":{},"end":{}}],"line":74},"7":{"loc":{"start":{"line":74,"column":10},"end":{"line":74,"column":55}},"type":"binary-expr","locations":[{"start":{"line":74,"column":10},"end":{"line":74,"column":22}},{"start":{"line":74,"column":26},"end":{"line":74,"column":55}}],"line":74},"8":{"loc":{"start":{"line":77,"column":6},"end":{"line":79,"column":7}},"type":"if","locations":[{"start":{"line":77,"column":6},"end":{"line":79,"column":7}},{"start":{},"end":{}}],"line":77},"9":{"loc":{"start":{"line":118,"column":13},"end":{"line":122,"column":14}},"type":"binary-expr","locations":[{"start":{"line":118,"column":13},"end":{"line":118,"column":25}},{"start":{"line":118,"column":29},"end":{"line":122,"column":14}}],"line":118},"10":{"loc":{"start":{"line":123,"column":13},"end":{"line":130,"column":13}},"type":"binary-expr","locations":[{"start":{"line":123,"column":13},"end":{"line":123,"column":32}},{"start":{"line":123,"column":36},"end":{"line":130,"column":13}}],"line":123}},"s":{"0":2,"1":2,"2":1,"3":1,"4":1,"5":1,"6":1,"7":1,"8":1,"9":1,"10":0,"11":1,"12":0,"13":0,"14":0,"15":0,"16":0,"17":0,"18":0,"19":0,"20":0,"21":0,"22":0,"23":0,"24":0,"25":0,"26":0,"27":1,"28":0,"29":0,"30":0,"31":0,"32":0,"33":0,"34":0,"35":0,"36":0,"37":0,"38":0,"39":0,"40":0,"41":0,"42":0,"43":0,"44":0,"45":0,"46":0,"47":0,"48":1,"49":0,"50":1,"51":0,"52":0,"53":0,"54":0,"55":0,"56":0,"57":0},"f":{"0":1,"1":1,"2":0,"3":0,"4":0,"5":0,"6":0,"7":0,"8":0,"9":0,"10":0,"11":0,"12":0,"13":0,"14":0,"15":0,"16":0,"17":0,"18":0,"19":0,"20":0,"21":0,"22":0,"23":0},"b":{"0":[0,1],"1":[0,0],"2":[0,0],"3":[0,0,0,0,0],"4":[0,0],"5":[0,0],"6":[0,0],"7":[0,0],"8":[0,0],"9":[1,1],"10":[1,0]},"_coverageSchema":"1a1c01bbd47fc00a2c39e90264f33305004495a9","hash":"50fa7130125f71b71421e45b2ba2f8d7aa19a134"}
,"/Users/dianachong/HR/rfe2209-fec/src/components/Q&A/Answers.jsx": {"path":"/Users/dianachong/HR/rfe2209-fec/src/components/Q&A/Answers.jsx","statementMap":{"0":{"start":{"line":7,"column":15},"end":{"line":7,"column":69}},"1":{"start":{"line":8,"column":16},"end":{"line":62,"column":1}},"2":{"start":{"line":9,"column":32},"end":{"line":9,"column":44}},"3":{"start":{"line":10,"column":32},"end":{"line":10,"column":47}},"4":{"start":{"line":12,"column":16},"end":{"line":20,"column":3}},"5":{"start":{"line":13,"column":4},"end":{"line":19,"column":6}},"6":{"start":{"line":22,"column":2},"end":{"line":53,"column":30}},"7":{"start":{"line":23,"column":18},"end":{"line":23,"column":20}},"8":{"start":{"line":24,"column":4},"end":{"line":26,"column":5}},"9":{"start":{"line":25,"column":6},"end":{"line":25,"column":28}},"10":{"start":{"line":27,"column":4},"end":{"line":52,"column":38}},"11":{"start":{"line":29,"column":6},"end":{"line":47,"column":8}},"12":{"start":{"line":30,"column":8},"end":{"line":46,"column":9}},"13":{"start":{"line":31,"column":23},"end":{"line":31,"column":25}},"14":{"start":{"line":32,"column":10},"end":{"line":34,"column":12}},"15":{"start":{"line":33,"column":12},"end":{"line":33,"column":35}},"16":{"start":{"line":35,"column":10},"end":{"line":39,"column":11}},"17":{"start":{"line":36,"column":12},"end":{"line":36,"column":119}},"18":{"start":{"line":38,"column":12},"end":{"line":38,"column":116}},"19":{"start":{"line":41,"column":10},"end":{"line":45,"column":11}},"20":{"start":{"line":42,"column":12},"end":{"line":42,"column":111}},"21":{"start":{"line":44,"column":12},"end":{"line":44,"column":108}},"22":{"start":{"line":50,"column":6},"end":{"line":50,"column":68}},"23":{"start":{"line":52,"column":20},"end":{"line":52,"column":36}},"24":{"start":{"line":55,"column":2},"end":{"line":61,"column":3}},"25":{"start":{"line":58,"column":8},"end":{"line":58,"column":91}}},"fnMap":{"0":{"name":"(anonymous_0)","decl":{"start":{"line":8,"column":16},"end":{"line":8,"column":17}},"loc":{"start":{"line":8,"column":60},"end":{"line":62,"column":1}},"line":8},"1":{"name":"(anonymous_1)","decl":{"start":{"line":12,"column":16},"end":{"line":12,"column":17}},"loc":{"start":{"line":12,"column":44},"end":{"line":20,"column":3}},"line":12},"2":{"name":"(anonymous_2)","decl":{"start":{"line":22,"column":12},"end":{"line":22,"column":13}},"loc":{"start":{"line":22,"column":18},"end":{"line":53,"column":3}},"line":22},"3":{"name":"(anonymous_3)","decl":{"start":{"line":28,"column":10},"end":{"line":28,"column":11}},"loc":{"start":{"line":28,"column":24},"end":{"line":48,"column":5}},"line":28},"4":{"name":"(anonymous_4)","decl":{"start":{"line":29,"column":28},"end":{"line":29,"column":29}},"loc":{"start":{"line":29,"column":38},"end":{"line":47,"column":7}},"line":29},"5":{"name":"(anonymous_5)","decl":{"start":{"line":32,"column":30},"end":{"line":32,"column":31}},"loc":{"start":{"line":32,"column":41},"end":{"line":34,"column":11}},"line":32},"6":{"name":"(anonymous_6)","decl":{"start":{"line":49,"column":10},"end":{"line":49,"column":11}},"loc":{"start":{"line":49,"column":24},"end":{"line":51,"column":5}},"line":49},"7":{"name":"(anonymous_7)","decl":{"start":{"line":52,"column":11},"end":{"line":52,"column":12}},"loc":{"start":{"line":52,"column":20},"end":{"line":52,"column":36}},"line":52},"8":{"name":"(anonymous_8)","decl":{"start":{"line":57,"column":19},"end":{"line":57,"column":20}},"loc":{"start":{"line":58,"column":8},"end":{"line":58,"column":91}},"line":58}},"branchMap":{"0":{"loc":{"start":{"line":24,"column":4},"end":{"line":26,"column":5}},"type":"if","locations":[{"start":{"line":24,"column":4},"end":{"line":26,"column":5}},{"start":{},"end":{}}],"line":24},"1":{"loc":{"start":{"line":30,"column":8},"end":{"line":46,"column":9}},"type":"if","locations":[{"start":{"line":30,"column":8},"end":{"line":46,"column":9}},{"start":{"line":40,"column":15},"end":{"line":46,"column":9}}],"line":30},"2":{"loc":{"start":{"line":35,"column":10},"end":{"line":39,"column":11}},"type":"if","locations":[{"start":{"line":35,"column":10},"end":{"line":39,"column":11}},{"start":{"line":37,"column":17},"end":{"line":39,"column":11}}],"line":35},"3":{"loc":{"start":{"line":41,"column":10},"end":{"line":45,"column":11}},"type":"if","locations":[{"start":{"line":41,"column":10},"end":{"line":45,"column":11}},{"start":{"line":43,"column":17},"end":{"line":45,"column":11}}],"line":41},"4":{"loc":{"start":{"line":50,"column":6},"end":{"line":50,"column":68}},"type":"cond-expr","locations":[{"start":{"line":50,"column":16},"end":{"line":50,"column":35}},{"start":{"line":50,"column":38},"end":{"line":50,"column":68}}],"line":50}},"s":{"0":2,"1":2,"2":1,"3":1,"4":1,"5":1,"6":1,"7":1,"8":1,"9":0,"10":1,"11":0,"12":0,"13":0,"14":0,"15":0,"16":0,"17":0,"18":0,"19":0,"20":0,"21":0,"22":0,"23":0,"24":1,"25":0},"f":{"0":1,"1":1,"2":1,"3":0,"4":0,"5":0,"6":0,"7":0,"8":0},"b":{"0":[0,1],"1":[0,0],"2":[0,0],"3":[0,0],"4":[0,0]},"_coverageSchema":"1a1c01bbd47fc00a2c39e90264f33305004495a9","hash":"3b9d9bf7c2ea0856ecfa47fe469e52cdb1345be4"}
,"/Users/dianachong/HR/rfe2209-fec/src/components/Q&A/QuestionModal.jsx": {"path":"/Users/dianachong/HR/rfe2209-fec/src/components/Q&A/QuestionModal.jsx","statementMap":{"0":{"start":{"line":5,"column":15},"end":{"line":5,"column":69}},"1":{"start":{"line":6,"column":22},"end":{"line":78,"column":1}},"2":{"start":{"line":7,"column":34},"end":{"line":7,"column":46}},"3":{"start":{"line":8,"column":34},"end":{"line":8,"column":46}},"4":{"start":{"line":9,"column":28},"end":{"line":9,"column":40}},"5":{"start":{"line":10,"column":23},"end":{"line":46,"column":3}},"6":{"start":{"line":11,"column":16},"end":{"line":11,"column":21}},"7":{"start":{"line":12,"column":4},"end":{"line":14,"column":5}},"8":{"start":{"line":13,"column":6},"end":{"line":13,"column":19}},"9":{"start":{"line":15,"column":4},"end":{"line":45,"column":5}},"10":{"start":{"line":16,"column":6},"end":{"line":31,"column":10}},"11":{"start":{"line":23,"column":10},"end":{"line":25,"column":11}},"12":{"start":{"line":24,"column":12},"end":{"line":24,"column":34}},"13":{"start":{"line":26,"column":10},"end":{"line":26,"column":33}},"14":{"start":{"line":27,"column":10},"end":{"line":27,"column":27}},"15":{"start":{"line":30,"column":10},"end":{"line":30,"column":46}},"16":{"start":{"line":33,"column":19},"end":{"line":33,"column":39}},"17":{"start":{"line":34,"column":17},"end":{"line":34,"column":41}},"18":{"start":{"line":35,"column":20},"end":{"line":35,"column":22}},"19":{"start":{"line":36,"column":6},"end":{"line":40,"column":9}},"20":{"start":{"line":37,"column":8},"end":{"line":39,"column":9}},"21":{"start":{"line":38,"column":10},"end":{"line":38,"column":36}},"22":{"start":{"line":41,"column":6},"end":{"line":43,"column":7}},"23":{"start":{"line":42,"column":8},"end":{"line":42,"column":30}},"24":{"start":{"line":44,"column":6},"end":{"line":44,"column":89}},"25":{"start":{"line":44,"column":74},"end":{"line":44,"column":84}},"26":{"start":{"line":48,"column":2},"end":{"line":77,"column":3}},"27":{"start":{"line":58,"column":75},"end":{"line":58,"column":102}},"28":{"start":{"line":62,"column":51},"end":{"line":62,"column":78}},"29":{"start":{"line":67,"column":51},"end":{"line":67,"column":75}},"30":{"start":{"line":72,"column":34},"end":{"line":72,"column":50}},"31":{"start":{"line":73,"column":34},"end":{"line":73,"column":48}}},"fnMap":{"0":{"name":"(anonymous_0)","decl":{"start":{"line":6,"column":22},"end":{"line":6,"column":23}},"loc":{"start":{"line":6,"column":101},"end":{"line":78,"column":1}},"line":6},"1":{"name":"(anonymous_1)","decl":{"start":{"line":10,"column":23},"end":{"line":10,"column":24}},"loc":{"start":{"line":10,"column":29},"end":{"line":46,"column":3}},"line":10},"2":{"name":"(anonymous_2)","decl":{"start":{"line":22,"column":14},"end":{"line":22,"column":15}},"loc":{"start":{"line":22,"column":28},"end":{"line":28,"column":9}},"line":22},"3":{"name":"(anonymous_3)","decl":{"start":{"line":29,"column":15},"end":{"line":29,"column":16}},"loc":{"start":{"line":29,"column":24},"end":{"line":31,"column":9}},"line":29},"4":{"name":"(anonymous_4)","decl":{"start":{"line":36,"column":21},"end":{"line":36,"column":22}},"loc":{"start":{"line":36,"column":39},"end":{"line":40,"column":7}},"line":36},"5":{"name":"(anonymous_5)","decl":{"start":{"line":44,"column":64},"end":{"line":44,"column":65}},"loc":{"start":{"line":44,"column":74},"end":{"line":44,"column":84}},"line":44},"6":{"name":"(anonymous_6)","decl":{"start":{"line":58,"column":68},"end":{"line":58,"column":69}},"loc":{"start":{"line":58,"column":75},"end":{"line":58,"column":102}},"line":58},"7":{"name":"(anonymous_7)","decl":{"start":{"line":62,"column":44},"end":{"line":62,"column":45}},"loc":{"start":{"line":62,"column":51},"end":{"line":62,"column":78}},"line":62},"8":{"name":"(anonymous_8)","decl":{"start":{"line":67,"column":44},"end":{"line":67,"column":45}},"loc":{"start":{"line":67,"column":51},"end":{"line":67,"column":75}},"line":67},"9":{"name":"(anonymous_9)","decl":{"start":{"line":72,"column":27},"end":{"line":72,"column":28}},"loc":{"start":{"line":72,"column":33},"end":{"line":72,"column":51}},"line":72},"10":{"name":"(anonymous_10)","decl":{"start":{"line":73,"column":27},"end":{"line":73,"column":28}},"loc":{"start":{"line":73,"column":33},"end":{"line":73,"column":49}},"line":73}},"branchMap":{"0":{"loc":{"start":{"line":12,"column":4},"end":{"line":14,"column":5}},"type":"if","locations":[{"start":{"line":12,"column":4},"end":{"line":14,"column":5}},{"start":{},"end":{}}],"line":12},"1":{"loc":{"start":{"line":12,"column":8},"end":{"line":12,"column":88}},"type":"binary-expr","locations":[{"start":{"line":12,"column":8},"end":{"line":12,"column":23}},{"start":{"line":12,"column":27},"end":{"line":12,"column":42}},{"start":{"line":12,"column":46},"end":{"line":12,"column":58}},{"start":{"line":12,"column":62},"end":{"line":12,"column":88}}],"line":12},"2":{"loc":{"start":{"line":15,"column":4},"end":{"line":45,"column":5}},"type":"if","locations":[{"start":{"line":15,"column":4},"end":{"line":45,"column":5}},{"start":{"line":32,"column":11},"end":{"line":45,"column":5}}],"line":15},"3":{"loc":{"start":{"line":23,"column":10},"end":{"line":25,"column":11}},"type":"if","locations":[{"start":{"line":23,"column":10},"end":{"line":25,"column":11}},{"start":{},"end":{}}],"line":23},"4":{"loc":{"start":{"line":37,"column":8},"end":{"line":39,"column":9}},"type":"if","locations":[{"start":{"line":37,"column":8},"end":{"line":39,"column":9}},{"start":{},"end":{}}],"line":37},"5":{"loc":{"start":{"line":41,"column":6},"end":{"line":43,"column":7}},"type":"if","locations":[{"start":{"line":41,"column":6},"end":{"line":43,"column":7}},{"start":{},"end":{}}],"line":41},"6":{"loc":{"start":{"line":41,"column":10},"end":{"line":41,"column":55}},"type":"binary-expr","locations":[{"start":{"line":41,"column":10},"end":{"line":41,"column":22}},{"start":{"line":41,"column":26},"end":{"line":41,"column":55}}],"line":41}},"s":{"0":2,"1":2,"2":1,"3":1,"4":1,"5":1,"6":0,"7":0,"8":0,"9":0,"10":0,"11":0,"12":0,"13":0,"14":0,"15":0,"16":0,"17":0,"18":0,"19":0,"20":0,"21":0,"22":0,"23":0,"24":0,"25":0,"26":1,"27":0,"28":0,"29":0,"30":0,"31":0},"f":{"0":1,"1":0,"2":0,"3":0,"4":0,"5":0,"6":0,"7":0,"8":0,"9":0,"10":0},"b":{"0":[0,0],"1":[0,0,0,0],"2":[0,0],"3":[0,0],"4":[0,0],"5":[0,0],"6":[0,0]},"_coverageSchema":"1a1c01bbd47fc00a2c39e90264f33305004495a9","hash":"03df7e7e3c3fe8575d99c701684085a4bc1785e1"}
,"/Users/dianachong/HR/rfe2209-fec/src/components/Q&A/Questions.jsx": {"path":"/Users/dianachong/HR/rfe2209-fec/src/components/Q&A/Questions.jsx","statementMap":{"0":{"start":{"line":8,"column":15},"end":{"line":8,"column":69}},"1":{"start":{"line":9,"column":18},"end":{"line":79,"column":1}},"2":{"start":{"line":10,"column":2},"end":{"line":78,"column":3}},"3":{"start":{"line":11,"column":32},"end":{"line":11,"column":47}},"4":{"start":{"line":12,"column":32},"end":{"line":12,"column":53}},"5":{"start":{"line":13,"column":30},"end":{"line":13,"column":45}},"6":{"start":{"line":14,"column":34},"end":{"line":14,"column":49}},"7":{"start":{"line":15,"column":34},"end":{"line":15,"column":49}},"8":{"start":{"line":16,"column":42},"end":{"line":16,"column":56}},"9":{"start":{"line":18,"column":4},"end":{"line":18,"column":33}},"10":{"start":{"line":20,"column":25},"end":{"line":33,"column":5}},"11":{"start":{"line":21,"column":6},"end":{"line":32,"column":11}},"12":{"start":{"line":27,"column":10},"end":{"line":27,"column":27}},"13":{"start":{"line":28,"column":10},"end":{"line":28,"column":33}},"14":{"start":{"line":31,"column":10},"end":{"line":31,"column":47}},"15":{"start":{"line":35,"column":27},"end":{"line":47,"column":5}},"16":{"start":{"line":36,"column":6},"end":{"line":46,"column":10}},"17":{"start":{"line":42,"column":10},"end":{"line":42,"column":31}},"18":{"start":{"line":45,"column":10},"end":{"line":45,"column":48}},"19":{"start":{"line":49,"column":26},"end":{"line":51,"column":5}},"20":{"start":{"line":50,"column":6},"end":{"line":50,"column":27}},"21":{"start":{"line":53,"column":4},"end":{"line":77,"column":5}},"22":{"start":{"line":61,"column":53},"end":{"line":61,"column":78}},"23":{"start":{"line":63,"column":60},"end":{"line":63,"column":87}},"24":{"start":{"line":65,"column":31},"end":{"line":65,"column":46}},"25":{"start":{"line":73,"column":56},"end":{"line":73,"column":71}},"26":{"start":{"line":73,"column":115},"end":{"line":73,"column":130}}},"fnMap":{"0":{"name":"(anonymous_0)","decl":{"start":{"line":9,"column":18},"end":{"line":9,"column":19}},"loc":{"start":{"line":9,"column":67},"end":{"line":79,"column":1}},"line":9},"1":{"name":"(anonymous_1)","decl":{"start":{"line":18,"column":14},"end":{"line":18,"column":15}},"loc":{"start":{"line":18,"column":20},"end":{"line":18,"column":22}},"line":18},"2":{"name":"(anonymous_2)","decl":{"start":{"line":20,"column":25},"end":{"line":20,"column":26}},"loc":{"start":{"line":20,"column":34},"end":{"line":33,"column":5}},"line":20},"3":{"name":"(anonymous_3)","decl":{"start":{"line":26,"column":14},"end":{"line":26,"column":15}},"loc":{"start":{"line":26,"column":28},"end":{"line":29,"column":9}},"line":26},"4":{"name":"(anonymous_4)","decl":{"start":{"line":30,"column":15},"end":{"line":30,"column":16}},"loc":{"start":{"line":30,"column":24},"end":{"line":32,"column":9}},"line":30},"5":{"name":"(anonymous_5)","decl":{"start":{"line":35,"column":27},"end":{"line":35,"column":28}},"loc":{"start":{"line":35,"column":36},"end":{"line":47,"column":5}},"line":35},"6":{"name":"(anonymous_6)","decl":{"start":{"line":41,"column":14},"end":{"line":41,"column":15}},"loc":{"start":{"line":41,"column":28},"end":{"line":43,"column":9}},"line":41},"7":{"name":"(anonymous_7)","decl":{"start":{"line":44,"column":15},"end":{"line":44,"column":16}},"loc":{"start":{"line":44,"column":24},"end":{"line":46,"column":9}},"line":44},"8":{"name":"(anonymous_8)","decl":{"start":{"line":49,"column":26},"end":{"line":49,"column":27}},"loc":{"start":{"line":49,"column":32},"end":{"line":51,"column":5}},"line":49},"9":{"name":"(anonymous_9)","decl":{"start":{"line":61,"column":46},"end":{"line":61,"column":47}},"loc":{"start":{"line":61,"column":52},"end":{"line":61,"column":79}},"line":61},"10":{"name":"(anonymous_10)","decl":{"start":{"line":63,"column":53},"end":{"line":63,"column":54}},"loc":{"start":{"line":63,"column":59},"end":{"line":63,"column":88}},"line":63},"11":{"name":"(anonymous_11)","decl":{"start":{"line":65,"column":25},"end":{"line":65,"column":26}},"loc":{"start":{"line":65,"column":31},"end":{"line":65,"column":46}},"line":65},"12":{"name":"(anonymous_12)","decl":{"start":{"line":73,"column":50},"end":{"line":73,"column":51}},"loc":{"start":{"line":73,"column":56},"end":{"line":73,"column":71}},"line":73},"13":{"name":"(anonymous_13)","decl":{"start":{"line":73,"column":108},"end":{"line":73,"column":109}},"loc":{"start":{"line":73,"column":114},"end":{"line":73,"column":131}},"line":73}},"branchMap":{"0":{"loc":{"start":{"line":10,"column":2},"end":{"line":78,"column":3}},"type":"if","locations":[{"start":{"line":10,"column":2},"end":{"line":78,"column":3}},{"start":{},"end":{}}],"line":10},"1":{"loc":{"start":{"line":61,"column":13},"end":{"line":61,"column":88}},"type":"cond-expr","locations":[{"start":{"line":61,"column":21},"end":{"line":61,"column":31}},{"start":{"line":61,"column":34},"end":{"line":61,"column":88}}],"line":61},"2":{"loc":{"start":{"line":63,"column":13},"end":{"line":63,"column":100}},"type":"cond-expr","locations":[{"start":{"line":63,"column":23},"end":{"line":63,"column":38}},{"start":{"line":63,"column":41},"end":{"line":63,"column":100}}],"line":63},"3":{"loc":{"start":{"line":68,"column":9},"end":{"line":68,"column":151}},"type":"binary-expr","locations":[{"start":{"line":68,"column":9},"end":{"line":68,"column":15}},{"start":{"line":68,"column":19},"end":{"line":68,"column":151}}],"line":68},"4":{"loc":{"start":{"line":70,"column":34},"end":{"line":70,"column":54}},"type":"cond-expr","locations":[{"start":{"line":70,"column":43},"end":{"line":70,"column":47}},{"start":{"line":70,"column":50},"end":{"line":70,"column":54}}],"line":70},"5":{"loc":{"start":{"line":73,"column":13},"end":{"line":73,"column":161}},"type":"cond-expr","locations":[{"start":{"line":73,"column":28},"end":{"line":73,"column":153}},{"start":{"line":73,"column":157},"end":{"line":73,"column":161}}],"line":73},"6":{"loc":{"start":{"line":73,"column":28},"end":{"line":73,"column":153}},"type":"cond-expr","locations":[{"start":{"line":73,"column":38},"end":{"line":73,"column":93}},{"start":{"line":73,"column":96},"end":{"line":73,"column":153}}],"line":73}},"s":{"0":2,"1":2,"2":1,"3":0,"4":0,"5":0,"6":0,"7":0,"8":0,"9":0,"10":0,"11":0,"12":0,"13":0,"14":0,"15":0,"16":0,"17":0,"18":0,"19":0,"20":0,"21":0,"22":0,"23":0,"24":0,"25":0,"26":0},"f":{"0":1,"1":0,"2":0,"3":0,"4":0,"5":0,"6":0,"7":0,"8":0,"9":0,"10":0,"11":0,"12":0,"13":0},"b":{"0":[0,1],"1":[0,0],"2":[0,0],"3":[0,0],"4":[0,0],"5":[0,0],"6":[0,0]},"_coverageSchema":"1a1c01bbd47fc00a2c39e90264f33305004495a9","hash":"05587b3401df2792a8de36c1e696e4d97eff18f0"}
,"/Users/dianachong/HR/rfe2209-fec/src/components/Q&A/SearchBar.jsx": {"path":"/Users/dianachong/HR/rfe2209-fec/src/components/Q&A/SearchBar.jsx","statementMap":{"0":{"start":{"line":4,"column":18},"end":{"line":24,"column":1}},"1":{"start":{"line":5,"column":30},"end":{"line":5,"column":42}},"2":{"start":{"line":6,"column":2},"end":{"line":17,"column":26}},"3":{"start":{"line":7,"column":4},"end":{"line":16,"column":5}},"4":{"start":{"line":8,"column":20},"end":{"line":8,"column":94}},"5":{"start":{"line":8,"column":44},"end":{"line":8,"column":93}},"6":{"start":{"line":9,"column":6},"end":{"line":11,"column":7}},"7":{"start":{"line":10,"column":8},"end":{"line":10,"column":29}},"8":{"start":{"line":13,"column":6},"end":{"line":15,"column":7}},"9":{"start":{"line":14,"column":8},"end":{"line":14,"column":31}},"10":{"start":{"line":18,"column":2},"end":{"line":23,"column":3}},"11":{"start":{"line":20,"column":54},"end":{"line":20,"column":79}}},"fnMap":{"0":{"name":"(anonymous_0)","decl":{"start":{"line":4,"column":18},"end":{"line":4,"column":19}},"loc":{"start":{"line":4,"column":48},"end":{"line":24,"column":1}},"line":4},"1":{"name":"(anonymous_1)","decl":{"start":{"line":6,"column":12},"end":{"line":6,"column":13}},"loc":{"start":{"line":6,"column":18},"end":{"line":17,"column":3}},"line":6},"2":{"name":"(anonymous_2)","decl":{"start":{"line":8,"column":37},"end":{"line":8,"column":38}},"loc":{"start":{"line":8,"column":44},"end":{"line":8,"column":93}},"line":8},"3":{"name":"(anonymous_3)","decl":{"start":{"line":20,"column":47},"end":{"line":20,"column":48}},"loc":{"start":{"line":20,"column":54},"end":{"line":20,"column":79}},"line":20}},"branchMap":{"0":{"loc":{"start":{"line":7,"column":4},"end":{"line":16,"column":5}},"type":"if","locations":[{"start":{"line":7,"column":4},"end":{"line":16,"column":5}},{"start":{"line":12,"column":11},"end":{"line":16,"column":5}}],"line":7},"1":{"loc":{"start":{"line":9,"column":6},"end":{"line":11,"column":7}},"type":"if","locations":[{"start":{"line":9,"column":6},"end":{"line":11,"column":7}},{"start":{},"end":{}}],"line":9},"2":{"loc":{"start":{"line":13,"column":6},"end":{"line":15,"column":7}},"type":"if","locations":[{"start":{"line":13,"column":6},"end":{"line":15,"column":7}},{"start":{},"end":{}}],"line":13}},"s":{"0":2,"1":3,"2":3,"3":2,"4":0,"5":0,"6":0,"7":0,"8":2,"9":1,"10":3,"11":0},"f":{"0":3,"1":2,"2":0,"3":0},"b":{"0":[0,2],"1":[0,0],"2":[1,1]},"_coverageSchema":"1a1c01bbd47fc00a2c39e90264f33305004495a9","hash":"f4b457fc3ac7a20a05ed7285df94690c53397ed6"}
,"/Users/dianachong/HR/rfe2209-fec/src/components/Q&A/qna.jsx": {"path":"/Users/dianachong/HR/rfe2209-fec/src/components/Q&A/qna.jsx","statementMap":{"0":{"start":{"line":9,"column":15},"end":{"line":9,"column":69}},"1":{"start":{"line":10,"column":28},"end":{"line":137,"column":1}},"2":{"start":{"line":11,"column":30},"end":{"line":11,"column":45}},"3":{"start":{"line":12,"column":32},"end":{"line":12,"column":43}},"4":{"start":{"line":13,"column":38},"end":{"line":13,"column":53}},"5":{"start":{"line":14,"column":36},"end":{"line":14,"column":48}},"6":{"start":{"line":15,"column":34},"end":{"line":15,"column":46}},"7":{"start":{"line":16,"column":34},"end":{"line":16,"column":49}},"8":{"start":{"line":18,"column":16},"end":{"line":26,"column":3}},"9":{"start":{"line":19,"column":4},"end":{"line":25,"column":6}},"10":{"start":{"line":28,"column":2},"end":{"line":59,"column":15}},"11":{"start":{"line":29,"column":4},"end":{"line":58,"column":5}},"12":{"start":{"line":30,"column":20},"end":{"line":30,"column":22}},"13":{"start":{"line":32,"column":6},"end":{"line":57,"column":65}},"14":{"start":{"line":34,"column":10},"end":{"line":53,"column":11}},"15":{"start":{"line":35,"column":12},"end":{"line":52,"column":15}},"16":{"start":{"line":36,"column":14},"end":{"line":51,"column":15}},"17":{"start":{"line":37,"column":28},"end":{"line":37,"column":29}},"18":{"start":{"line":38,"column":16},"end":{"line":40,"column":17}},"19":{"start":{"line":39,"column":18},"end":{"line":39,"column":26}},"20":{"start":{"line":41,"column":16},"end":{"line":41,"column":103}},"21":{"start":{"line":42,"column":16},"end":{"line":42,"column":37}},"22":{"start":{"line":44,"column":19},"end":{"line":51,"column":15}},"23":{"start":{"line":45,"column":16},"end":{"line":45,"column":40}},"24":{"start":{"line":46,"column":16},"end":{"line":50,"column":17}},"25":{"start":{"line":47,"column":18},"end":{"line":47,"column":39}},"26":{"start":{"line":49,"column":18},"end":{"line":49,"column":38}},"27":{"start":{"line":54,"column":10},"end":{"line":54,"column":37}},"28":{"start":{"line":55,"column":10},"end":{"line":55,"column":32}},"29":{"start":{"line":57,"column":26},"end":{"line":57,"column":63}},"30":{"start":{"line":61,"column":2},"end":{"line":93,"column":17}},"31":{"start":{"line":62,"column":4},"end":{"line":92,"column":5}},"32":{"start":{"line":63,"column":20},"end":{"line":63,"column":22}},"33":{"start":{"line":65,"column":6},"end":{"line":91,"column":65}},"34":{"start":{"line":67,"column":10},"end":{"line":67,"column":37}},"35":{"start":{"line":68,"column":10},"end":{"line":87,"column":11}},"36":{"start":{"line":69,"column":12},"end":{"line":86,"column":15}},"37":{"start":{"line":70,"column":14},"end":{"line":85,"column":15}},"38":{"start":{"line":71,"column":28},"end":{"line":71,"column":29}},"39":{"start":{"line":72,"column":16},"end":{"line":74,"column":17}},"40":{"start":{"line":73,"column":18},"end":{"line":73,"column":26}},"41":{"start":{"line":75,"column":16},"end":{"line":75,"column":103}},"42":{"start":{"line":76,"column":16},"end":{"line":76,"column":37}},"43":{"start":{"line":78,"column":19},"end":{"line":85,"column":15}},"44":{"start":{"line":79,"column":16},"end":{"line":79,"column":40}},"45":{"start":{"line":80,"column":16},"end":{"line":84,"column":17}},"46":{"start":{"line":81,"column":18},"end":{"line":81,"column":39}},"47":{"start":{"line":83,"column":18},"end":{"line":83,"column":38}},"48":{"start":{"line":88,"column":10},"end":{"line":88,"column":37}},"49":{"start":{"line":89,"column":10},"end":{"line":89,"column":32}},"50":{"start":{"line":91,"column":26},"end":{"line":91,"column":63}},"51":{"start":{"line":96,"column":24},"end":{"line":117,"column":3}},"52":{"start":{"line":97,"column":18},"end":{"line":97,"column":20}},"53":{"start":{"line":99,"column":4},"end":{"line":116,"column":9}},"54":{"start":{"line":101,"column":8},"end":{"line":111,"column":9}},"55":{"start":{"line":102,"column":10},"end":{"line":110,"column":13}},"56":{"start":{"line":103,"column":12},"end":{"line":109,"column":13}},"57":{"start":{"line":104,"column":24},"end":{"line":104,"column":25}},"58":{"start":{"line":105,"column":14},"end":{"line":107,"column":15}},"59":{"start":{"line":106,"column":16},"end":{"line":106,"column":24}},"60":{"start":{"line":108,"column":14},"end":{"line":108,"column":101}},"61":{"start":{"line":112,"column":20},"end":{"line":112,"column":42}},"62":{"start":{"line":113,"column":8},"end":{"line":113,"column":47}},"63":{"start":{"line":114,"column":8},"end":{"line":114,"column":35}},"64":{"start":{"line":115,"column":8},"end":{"line":115,"column":31}},"65":{"start":{"line":119,"column":2},"end":{"line":136,"column":3}},"66":{"start":{"line":125,"column":10},"end":{"line":127,"column":16}},"67":{"start":{"line":131,"column":65},"end":{"line":131,"column":80}},"68":{"start":{"line":132,"column":51},"end":{"line":132,"column":66}}},"fnMap":{"0":{"name":"(anonymous_0)","decl":{"start":{"line":10,"column":28},"end":{"line":10,"column":29}},"loc":{"start":{"line":10,"column":52},"end":{"line":137,"column":1}},"line":10},"1":{"name":"(anonymous_1)","decl":{"start":{"line":18,"column":16},"end":{"line":18,"column":17}},"loc":{"start":{"line":18,"column":47},"end":{"line":26,"column":3}},"line":18},"2":{"name":"(anonymous_2)","decl":{"start":{"line":28,"column":12},"end":{"line":28,"column":13}},"loc":{"start":{"line":28,"column":18},"end":{"line":59,"column":3}},"line":28},"3":{"name":"(anonymous_3)","decl":{"start":{"line":33,"column":14},"end":{"line":33,"column":15}},"loc":{"start":{"line":33,"column":28},"end":{"line":56,"column":9}},"line":33},"4":{"name":"(anonymous_4)","decl":{"start":{"line":35,"column":34},"end":{"line":35,"column":35}},"loc":{"start":{"line":35,"column":44},"end":{"line":52,"column":13}},"line":35},"5":{"name":"(anonymous_5)","decl":{"start":{"line":57,"column":15},"end":{"line":57,"column":16}},"loc":{"start":{"line":57,"column":26},"end":{"line":57,"column":63}},"line":57},"6":{"name":"(anonymous_6)","decl":{"start":{"line":61,"column":12},"end":{"line":61,"column":13}},"loc":{"start":{"line":61,"column":18},"end":{"line":93,"column":3}},"line":61},"7":{"name":"(anonymous_7)","decl":{"start":{"line":66,"column":14},"end":{"line":66,"column":15}},"loc":{"start":{"line":66,"column":28},"end":{"line":90,"column":9}},"line":66},"8":{"name":"(anonymous_8)","decl":{"start":{"line":69,"column":34},"end":{"line":69,"column":35}},"loc":{"start":{"line":69,"column":44},"end":{"line":86,"column":13}},"line":69},"9":{"name":"(anonymous_9)","decl":{"start":{"line":91,"column":15},"end":{"line":91,"column":16}},"loc":{"start":{"line":91,"column":26},"end":{"line":91,"column":63}},"line":91},"10":{"name":"(anonymous_10)","decl":{"start":{"line":96,"column":24},"end":{"line":96,"column":25}},"loc":{"start":{"line":96,"column":30},"end":{"line":117,"column":3}},"line":96},"11":{"name":"(anonymous_11)","decl":{"start":{"line":100,"column":12},"end":{"line":100,"column":13}},"loc":{"start":{"line":100,"column":26},"end":{"line":116,"column":7}},"line":100},"12":{"name":"(anonymous_12)","decl":{"start":{"line":102,"column":32},"end":{"line":102,"column":33}},"loc":{"start":{"line":102,"column":42},"end":{"line":110,"column":11}},"line":102},"13":{"name":"(anonymous_13)","decl":{"start":{"line":124,"column":44},"end":{"line":124,"column":45}},"loc":{"start":{"line":125,"column":10},"end":{"line":127,"column":16}},"line":125},"14":{"name":"(anonymous_14)","decl":{"start":{"line":131,"column":59},"end":{"line":131,"column":60}},"loc":{"start":{"line":131,"column":64},"end":{"line":131,"column":81}},"line":131},"15":{"name":"(anonymous_15)","decl":{"start":{"line":132,"column":45},"end":{"line":132,"column":46}},"loc":{"start":{"line":132,"column":51},"end":{"line":132,"column":66}},"line":132}},"branchMap":{"0":{"loc":{"start":{"line":29,"column":4},"end":{"line":58,"column":5}},"type":"if","locations":[{"start":{"line":29,"column":4},"end":{"line":58,"column":5}},{"start":{},"end":{}}],"line":29},"1":{"loc":{"start":{"line":34,"column":10},"end":{"line":53,"column":11}},"type":"if","locations":[{"start":{"line":34,"column":10},"end":{"line":53,"column":11}},{"start":{},"end":{}}],"line":34},"2":{"loc":{"start":{"line":36,"column":14},"end":{"line":51,"column":15}},"type":"if","locations":[{"start":{"line":36,"column":14},"end":{"line":51,"column":15}},{"start":{"line":44,"column":19},"end":{"line":51,"column":15}}],"line":36},"3":{"loc":{"start":{"line":44,"column":19},"end":{"line":51,"column":15}},"type":"if","locations":[{"start":{"line":44,"column":19},"end":{"line":51,"column":15}},{"start":{},"end":{}}],"line":44},"4":{"loc":{"start":{"line":46,"column":16},"end":{"line":50,"column":17}},"type":"if","locations":[{"start":{"line":46,"column":16},"end":{"line":50,"column":17}},{"start":{"line":48,"column":23},"end":{"line":50,"column":17}}],"line":46},"5":{"loc":{"start":{"line":62,"column":4},"end":{"line":92,"column":5}},"type":"if","locations":[{"start":{"line":62,"column":4},"end":{"line":92,"column":5}},{"start":{},"end":{}}],"line":62},"6":{"loc":{"start":{"line":68,"column":10},"end":{"line":87,"column":11}},"type":"if","locations":[{"start":{"line":68,"column":10},"end":{"line":87,"column":11}},{"start":{},"end":{}}],"line":68},"7":{"loc":{"start":{"line":70,"column":14},"end":{"line":85,"column":15}},"type":"if","locations":[{"start":{"line":70,"column":14},"end":{"line":85,"column":15}},{"start":{"line":78,"column":19},"end":{"line":85,"column":15}}],"line":70},"8":{"loc":{"start":{"line":78,"column":19},"end":{"line":85,"column":15}},"type":"if","locations":[{"start":{"line":78,"column":19},"end":{"line":85,"column":15}},{"start":{},"end":{}}],"line":78},"9":{"loc":{"start":{"line":80,"column":16},"end":{"line":84,"column":17}},"type":"if","locations":[{"start":{"line":80,"column":16},"end":{"line":84,"column":17}},{"start":{"line":82,"column":23},"end":{"line":84,"column":17}}],"line":80},"10":{"loc":{"start":{"line":101,"column":8},"end":{"line":111,"column":9}},"type":"if","locations":[{"start":{"line":101,"column":8},"end":{"line":111,"column":9}},{"start":{},"end":{}}],"line":101},"11":{"loc":{"start":{"line":103,"column":12},"end":{"line":109,"column":13}},"type":"if","locations":[{"start":{"line":103,"column":12},"end":{"line":109,"column":13}},{"start":{},"end":{}}],"line":103},"12":{"loc":{"start":{"line":124,"column":9},"end":{"line":128,"column":16}},"type":"cond-expr","locations":[{"start":{"line":124,"column":31},"end":{"line":128,"column":9}},{"start":{"line":128,"column":12},"end":{"line":128,"column":16}}],"line":124},"13":{"loc":{"start":{"line":131,"column":9},"end":{"line":131,"column":122}},"type":"cond-expr","locations":[{"start":{"line":131,"column":22},"end":{"line":131,"column":115}},{"start":{"line":131,"column":118},"end":{"line":131,"column":122}}],"line":131},"14":{"loc":{"start":{"line":134,"column":7},"end":{"line":134,"column":179}},"type":"binary-expr","locations":[{"start":{"line":134,"column":7},"end":{"line":134,"column":13}},{"start":{"line":134,"column":17},"end":{"line":134,"column":179}}],"line":134}},"s":{"0":2,"1":2,"2":2,"3":2,"4":2,"5":2,"6":2,"7":2,"8":2,"9":0,"10":2,"11":1,"12":0,"13":0,"14":0,"15":0,"16":0,"17":0,"18":0,"19":0,"20":0,"21":0,"22":0,"23":0,"24":0,"25":0,"26":0,"27":0,"28":0,"29":0,"30":2,"31":1,"32":0,"33":0,"34":0,"35":0,"36":0,"37":0,"38":0,"39":0,"40":0,"41":0,"42":0,"43":0,"44":0,"45":0,"46":0,"47":0,"48":0,"49":0,"50":0,"51":2,"52":0,"53":0,"54":0,"55":0,"56":0,"57":0,"58":0,"59":0,"60":0,"61":0,"62":0,"63":0,"64":0,"65":2,"66":0,"67":0,"68":0},"f":{"0":2,"1":0,"2":1,"3":0,"4":0,"5":0,"6":1,"7":0,"8":0,"9":0,"10":0,"11":0,"12":0,"13":0,"14":0,"15":0},"b":{"0":[0,1],"1":[0,0],"2":[0,0],"3":[0,0],"4":[0,0],"5":[0,1],"6":[0,0],"7":[0,0],"8":[0,0],"9":[0,0],"10":[0,0],"11":[0,0],"12":[0,2],"13":[0,2],"14":[2,0]},"_coverageSchema":"1a1c01bbd47fc00a2c39e90264f33305004495a9","hash":"4e3d113eac753aca5800e9814ab2d6a70c9918fa"}
,"/Users/dianachong/HR/rfe2209-fec/src/components/productDetail/currentSelectedStyle.jsx": {"path":"/Users/dianachong/HR/rfe2209-fec/src/components/productDetail/currentSelectedStyle.jsx","statementMap":{"0":{"start":{"line":8,"column":29},"end":{"line":46,"column":1}},"1":{"start":{"line":9,"column":26},"end":{"line":9,"column":38}},"2":{"start":{"line":13,"column":15},"end":{"line":19,"column":1}},"3":{"start":{"line":14,"column":2},"end":{"line":18,"column":3}},"4":{"start":{"line":15,"column":4},"end":{"line":15,"column":33}},"5":{"start":{"line":16,"column":9},"end":{"line":18,"column":3}},"6":{"start":{"line":17,"column":4},"end":{"line":17,"column":29}},"7":{"start":{"line":22,"column":17},"end":{"line":26,"column":2}},"8":{"start":{"line":23,"column":2},"end":{"line":25,"column":3}},"9":{"start":{"line":24,"column":4},"end":{"line":24,"column":33}},"10":{"start":{"line":28,"column":1},"end":{"line":31,"column":4}},"11":{"start":{"line":29,"column":2},"end":{"line":30,"column":11}},"12":{"start":{"line":33,"column":2},"end":{"line":45,"column":3}},"13":{"start":{"line":37,"column":10},"end":{"line":39,"column":14}},"14":{"start":{"line":38,"column":12},"end":{"line":38,"column":49}}},"fnMap":{"0":{"name":"(anonymous_0)","decl":{"start":{"line":8,"column":29},"end":{"line":8,"column":30}},"loc":{"start":{"line":8,"column":88},"end":{"line":46,"column":1}},"line":8},"1":{"name":"(anonymous_1)","decl":{"start":{"line":13,"column":15},"end":{"line":13,"column":16}},"loc":{"start":{"line":13,"column":21},"end":{"line":19,"column":1}},"line":13},"2":{"name":"(anonymous_2)","decl":{"start":{"line":22,"column":17},"end":{"line":22,"column":18}},"loc":{"start":{"line":22,"column":22},"end":{"line":26,"column":2}},"line":22},"3":{"name":"(anonymous_3)","decl":{"start":{"line":28,"column":11},"end":{"line":28,"column":12}},"loc":{"start":{"line":28,"column":15},"end":{"line":31,"column":2}},"line":28},"4":{"name":"(anonymous_4)","decl":{"start":{"line":36,"column":27},"end":{"line":36,"column":28}},"loc":{"start":{"line":36,"column":38},"end":{"line":40,"column":5}},"line":36},"5":{"name":"(anonymous_5)","decl":{"start":{"line":37,"column":86},"end":{"line":37,"column":87}},"loc":{"start":{"line":38,"column":12},"end":{"line":38,"column":49}},"line":38}},"branchMap":{"0":{"loc":{"start":{"line":14,"column":2},"end":{"line":18,"column":3}},"type":"if","locations":[{"start":{"line":14,"column":2},"end":{"line":18,"column":3}},{"start":{"line":16,"column":9},"end":{"line":18,"column":3}}],"line":14},"1":{"loc":{"start":{"line":16,"column":9},"end":{"line":18,"column":3}},"type":"if","locations":[{"start":{"line":16,"column":9},"end":{"line":18,"column":3}},{"start":{},"end":{}}],"line":16},"2":{"loc":{"start":{"line":23,"column":2},"end":{"line":25,"column":3}},"type":"if","locations":[{"start":{"line":23,"column":2},"end":{"line":25,"column":3}},{"start":{},"end":{}}],"line":23},"3":{"loc":{"start":{"line":35,"column":29},"end":{"line":35,"column":71}},"type":"cond-expr","locations":[{"start":{"line":35,"column":57},"end":{"line":35,"column":64}},{"start":{"line":35,"column":66},"end":{"line":35,"column":71}}],"line":35}},"s":{"0":1,"1":0,"2":0,"3":0,"4":0,"5":0,"6":0,"7":0,"8":0,"9":0,"10":0,"11":0,"12":0,"13":0,"14":0},"f":{"0":0,"1":0,"2":0,"3":0,"4":0,"5":0},"b":{"0":[0,0],"1":[0,0],"2":[0,0],"3":[0,0]},"_coverageSchema":"1a1c01bbd47fc00a2c39e90264f33305004495a9","hash":"091ab789c7ac6b9623650cdd4b9474b498d3e85e"}
,"/Users/dianachong/HR/rfe2209-fec/src/components/productDetail/imageGallery.jsx": {"path":"/Users/dianachong/HR/rfe2209-fec/src/components/productDetail/imageGallery.jsx","statementMap":{"0":{"start":{"line":7,"column":21},"end":{"line":55,"column":1}},"1":{"start":{"line":8,"column":36},"end":{"line":8,"column":48}},"2":{"start":{"line":9,"column":34},"end":{"line":9,"column":45}},"3":{"start":{"line":10,"column":24},"end":{"line":10,"column":39}},"4":{"start":{"line":11,"column":31},"end":{"line":11,"column":57}},"5":{"start":{"line":15,"column":17},"end":{"line":23,"column":1}},"6":{"start":{"line":16,"column":2},"end":{"line":22,"column":3}},"7":{"start":{"line":17,"column":4},"end":{"line":17,"column":32}},"8":{"start":{"line":18,"column":4},"end":{"line":18,"column":17}},"9":{"start":{"line":19,"column":9},"end":{"line":22,"column":3}},"10":{"start":{"line":20,"column":4},"end":{"line":20,"column":33}},"11":{"start":{"line":21,"column":4},"end":{"line":21,"column":18}},"12":{"start":{"line":26,"column":22},"end":{"line":34,"column":3}},"13":{"start":{"line":27,"column":15},"end":{"line":27,"column":17}},"14":{"start":{"line":28,"column":4},"end":{"line":32,"column":5}},"15":{"start":{"line":29,"column":6},"end":{"line":31,"column":8}},"16":{"start":{"line":30,"column":7},"end":{"line":30,"column":27}},"17":{"start":{"line":33,"column":4},"end":{"line":33,"column":23}},"18":{"start":{"line":36,"column":0},"end":{"line":38,"column":5}},"19":{"start":{"line":37,"column":2},"end":{"line":37,"column":15}},"20":{"start":{"line":41,"column":2},"end":{"line":54,"column":3}},"21":{"start":{"line":47,"column":8},"end":{"line":47,"column":54}},"22":{"start":{"line":50,"column":8},"end":{"line":50,"column":54}},"23":{"start":{"line":51,"column":54},"end":{"line":51,"column":64}}},"fnMap":{"0":{"name":"(anonymous_0)","decl":{"start":{"line":7,"column":21},"end":{"line":7,"column":22}},"loc":{"start":{"line":7,"column":74},"end":{"line":55,"column":1}},"line":7},"1":{"name":"(anonymous_1)","decl":{"start":{"line":15,"column":17},"end":{"line":15,"column":18}},"loc":{"start":{"line":15,"column":23},"end":{"line":23,"column":1}},"line":15},"2":{"name":"(anonymous_2)","decl":{"start":{"line":26,"column":22},"end":{"line":26,"column":23}},"loc":{"start":{"line":26,"column":28},"end":{"line":34,"column":3}},"line":26},"3":{"name":"(anonymous_3)","decl":{"start":{"line":29,"column":23},"end":{"line":29,"column":24}},"loc":{"start":{"line":29,"column":32},"end":{"line":31,"column":7}},"line":29},"4":{"name":"(anonymous_4)","decl":{"start":{"line":36,"column":10},"end":{"line":36,"column":11}},"loc":{"start":{"line":36,"column":14},"end":{"line":38,"column":1}},"line":36},"5":{"name":"(anonymous_5)","decl":{"start":{"line":46,"column":55},"end":{"line":46,"column":56}},"loc":{"start":{"line":46,"column":59},"end":{"line":48,"column":7}},"line":46},"6":{"name":"(anonymous_6)","decl":{"start":{"line":49,"column":58},"end":{"line":49,"column":59}},"loc":{"start":{"line":49,"column":62},"end":{"line":50,"column":55}},"line":49},"7":{"name":"(anonymous_7)","decl":{"start":{"line":51,"column":49},"end":{"line":51,"column":50}},"loc":{"start":{"line":51,"column":53},"end":{"line":51,"column":65}},"line":51}},"branchMap":{"0":{"loc":{"start":{"line":16,"column":2},"end":{"line":22,"column":3}},"type":"if","locations":[{"start":{"line":16,"column":2},"end":{"line":22,"column":3}},{"start":{"line":19,"column":9},"end":{"line":22,"column":3}}],"line":16},"1":{"loc":{"start":{"line":19,"column":9},"end":{"line":22,"column":3}},"type":"if","locations":[{"start":{"line":19,"column":9},"end":{"line":22,"column":3}},{"start":{},"end":{}}],"line":19},"2":{"loc":{"start":{"line":28,"column":4},"end":{"line":32,"column":5}},"type":"if","locations":[{"start":{"line":28,"column":4},"end":{"line":32,"column":5}},{"start":{},"end":{}}],"line":28},"3":{"loc":{"start":{"line":44,"column":7},"end":{"line":45,"column":97}},"type":"cond-expr","locations":[{"start":{"line":44,"column":18},"end":{"line":44,"column":76}},{"start":{"line":45,"column":7},"end":{"line":45,"column":97}}],"line":44}},"s":{"0":1,"1":0,"2":0,"3":0,"4":0,"5":0,"6":0,"7":0,"8":0,"9":0,"10":0,"11":0,"12":0,"13":0,"14":0,"15":0,"16":0,"17":0,"18":0,"19":0,"20":0,"21":0,"22":0,"23":0},"f":{"0":0,"1":0,"2":0,"3":0,"4":0,"5":0,"6":0,"7":0},"b":{"0":[0,0],"1":[0,0],"2":[0,0],"3":[0,0]},"_coverageSchema":"1a1c01bbd47fc00a2c39e90264f33305004495a9","hash":"b57c3b95f29d328338142ed76ca87a05a1666e99"}
,"/Users/dianachong/HR/rfe2209-fec/src/components/productDetail/imageThumbNail.jsx": {"path":"/Users/dianachong/HR/rfe2209-fec/src/components/productDetail/imageThumbNail.jsx","statementMap":{"0":{"start":{"line":6,"column":22},"end":{"line":58,"column":1}},"1":{"start":{"line":7,"column":33},"end":{"line":7,"column":45}},"2":{"start":{"line":8,"column":29},"end":{"line":8,"column":44}},"3":{"start":{"line":9,"column":26},"end":{"line":9,"column":38}},"4":{"start":{"line":11,"column":21},"end":{"line":13,"column":2}},"5":{"start":{"line":12,"column":4},"end":{"line":12,"column":34}},"6":{"start":{"line":18,"column":20},"end":{"line":20,"column":1}},"7":{"start":{"line":19,"column":2},"end":{"line":19,"column":31}},"8":{"start":{"line":22,"column":22},"end":{"line":28,"column":2}},"9":{"start":{"line":23,"column":2},"end":{"line":25,"column":3}},"10":{"start":{"line":24,"column":4},"end":{"line":24,"column":33}},"11":{"start":{"line":31,"column":1},"end":{"line":33,"column":3}},"12":{"start":{"line":32,"column":2},"end":{"line":32,"column":16}},"13":{"start":{"line":36,"column":17},"end":{"line":42,"column":3}},"14":{"start":{"line":45,"column":2},"end":{"line":57,"column":3}},"15":{"start":{"line":48,"column":10},"end":{"line":53,"column":15}},"16":{"start":{"line":50,"column":12},"end":{"line":50,"column":49}}},"fnMap":{"0":{"name":"(anonymous_0)","decl":{"start":{"line":6,"column":22},"end":{"line":6,"column":23}},"loc":{"start":{"line":6,"column":75},"end":{"line":58,"column":1}},"line":6},"1":{"name":"(anonymous_1)","decl":{"start":{"line":11,"column":21},"end":{"line":11,"column":22}},"loc":{"start":{"line":11,"column":25},"end":{"line":13,"column":2}},"line":11},"2":{"name":"(anonymous_2)","decl":{"start":{"line":18,"column":20},"end":{"line":18,"column":21}},"loc":{"start":{"line":18,"column":26},"end":{"line":20,"column":1}},"line":18},"3":{"name":"(anonymous_3)","decl":{"start":{"line":22,"column":22},"end":{"line":22,"column":23}},"loc":{"start":{"line":22,"column":27},"end":{"line":28,"column":2}},"line":22},"4":{"name":"(anonymous_4)","decl":{"start":{"line":31,"column":11},"end":{"line":31,"column":12}},"loc":{"start":{"line":31,"column":15},"end":{"line":33,"column":2}},"line":31},"5":{"name":"(anonymous_5)","decl":{"start":{"line":47,"column":27},"end":{"line":47,"column":28}},"loc":{"start":{"line":47,"column":35},"end":{"line":54,"column":5}},"line":47},"6":{"name":"(anonymous_6)","decl":{"start":{"line":49,"column":108},"end":{"line":49,"column":109}},"loc":{"start":{"line":50,"column":12},"end":{"line":50,"column":49}},"line":50}},"branchMap":{"0":{"loc":{"start":{"line":23,"column":2},"end":{"line":25,"column":3}},"type":"if","locations":[{"start":{"line":23,"column":2},"end":{"line":25,"column":3}},{"start":{},"end":{}}],"line":23},"1":{"loc":{"start":{"line":49,"column":52},"end":{"line":49,"column":95}},"type":"cond-expr","locations":[{"start":{"line":49,"column":73},"end":{"line":49,"column":90}},{"start":{"line":49,"column":93},"end":{"line":49,"column":95}}],"line":49}},"s":{"0":1,"1":0,"2":0,"3":0,"4":0,"5":0,"6":0,"7":0,"8":0,"9":0,"10":0,"11":0,"12":0,"13":0,"14":0,"15":0,"16":0},"f":{"0":0,"1":0,"2":0,"3":0,"4":0,"5":0,"6":0},"b":{"0":[0,0],"1":[0,0]},"_coverageSchema":"1a1c01bbd47fc00a2c39e90264f33305004495a9","hash":"bdd6d2790045673529157be078585715b6a55ce0"}
,"/Users/dianachong/HR/rfe2209-fec/src/components/productDetail/productDetail.jsx": {"path":"/Users/dianachong/HR/rfe2209-fec/src/components/productDetail/productDetail.jsx","statementMap":{"0":{"start":{"line":13,"column":16},"end":{"line":48,"column":1}},"1":{"start":{"line":14,"column":24},"end":{"line":14,"column":36}},"2":{"start":{"line":15,"column":32},"end":{"line":15,"column":44}},"3":{"start":{"line":16,"column":26},"end":{"line":16,"column":38}},"4":{"start":{"line":17,"column":32},"end":{"line":17,"column":46}},"5":{"start":{"line":20,"column":18},"end":{"line":22,"column":3}},"6":{"start":{"line":21,"column":3},"end":{"line":21,"column":101}},"7":{"start":{"line":24,"column":2},"end":{"line":33,"column":14}},"8":{"start":{"line":25,"column":4},"end":{"line":32,"column":5}},"9":{"start":{"line":26,"column":6},"end":{"line":31,"column":8}},"10":{"start":{"line":27,"column":8},"end":{"line":27,"column":38}},"11":{"start":{"line":30,"column":8},"end":{"line":30,"column":24}},"12":{"start":{"line":37,"column":2},"end":{"line":47,"column":3}}},"fnMap":{"0":{"name":"(anonymous_0)","decl":{"start":{"line":13,"column":16},"end":{"line":13,"column":17}},"loc":{"start":{"line":13,"column":36},"end":{"line":48,"column":1}},"line":13},"1":{"name":"(anonymous_1)","decl":{"start":{"line":20,"column":18},"end":{"line":20,"column":19}},"loc":{"start":{"line":20,"column":24},"end":{"line":22,"column":3}},"line":20},"2":{"name":"(anonymous_2)","decl":{"start":{"line":24,"column":12},"end":{"line":24,"column":13}},"loc":{"start":{"line":24,"column":16},"end":{"line":33,"column":3}},"line":24},"3":{"name":"(anonymous_3)","decl":{"start":{"line":26,"column":21},"end":{"line":26,"column":22}},"loc":{"start":{"line":26,"column":33},"end":{"line":28,"column":7}},"line":26},"4":{"name":"(anonymous_4)","decl":{"start":{"line":29,"column":13},"end":{"line":29,"column":14}},"loc":{"start":{"line":29,"column":20},"end":{"line":31,"column":7}},"line":29}},"branchMap":{"0":{"loc":{"start":{"line":25,"column":4},"end":{"line":32,"column":5}},"type":"if","locations":[{"start":{"line":25,"column":4},"end":{"line":32,"column":5}},{"start":{},"end":{}}],"line":25},"1":{"loc":{"start":{"line":39,"column":5},"end":{"line":39,"column":126}},"type":"binary-expr","locations":[{"start":{"line":39,"column":5},"end":{"line":39,"column":12}},{"start":{"line":39,"column":16},"end":{"line":39,"column":126}}],"line":39},"2":{"loc":{"start":{"line":43,"column":5},"end":{"line":43,"column":147}},"type":"binary-expr","locations":[{"start":{"line":43,"column":5},"end":{"line":43,"column":12}},{"start":{"line":43,"column":16},"end":{"line":43,"column":147}}],"line":43},"3":{"loc":{"start":{"line":44,"column":5},"end":{"line":44,"column":129}},"type":"binary-expr","locations":[{"start":{"line":44,"column":5},"end":{"line":44,"column":12}},{"start":{"line":44,"column":16},"end":{"line":44,"column":129}}],"line":44},"4":{"loc":{"start":{"line":45,"column":5},"end":{"line":45,"column":61}},"type":"binary-expr","locations":[{"start":{"line":45,"column":5},"end":{"line":45,"column":12}},{"start":{"line":45,"column":16},"end":{"line":45,"column":61}}],"line":45}},"s":{"0":1,"1":0,"2":0,"3":0,"4":0,"5":0,"6":0,"7":0,"8":0,"9":0,"10":0,"11":0,"12":0},"f":{"0":0,"1":0,"2":0,"3":0,"4":0},"b":{"0":[0,0],"1":[0,0],"2":[0,0],"3":[0,0],"4":[0,0]},"_coverageSchema":"1a1c01bbd47fc00a2c39e90264f33305004495a9","hash":"ea8c247ba354fbd8b0ea853814a8494b30dec53d"}
,"/Users/dianachong/HR/rfe2209-fec/src/components/productDetail/stylesButtons.jsx": {"path":"/Users/dianachong/HR/rfe2209-fec/src/components/productDetail/stylesButtons.jsx","statementMap":{"0":{"start":{"line":7,"column":22},"end":{"line":52,"column":1}},"1":{"start":{"line":8,"column":26},"end":{"line":8,"column":38}},"2":{"start":{"line":9,"column":34},"end":{"line":9,"column":46}},"3":{"start":{"line":13,"column":18},"end":{"line":22,"column":3}},"4":{"start":{"line":14,"column":17},"end":{"line":14,"column":19}},"5":{"start":{"line":15,"column":14},"end":{"line":15,"column":16}},"6":{"start":{"line":16,"column":4},"end":{"line":19,"column":5}},"7":{"start":{"line":17,"column":6},"end":{"line":17,"column":38}},"8":{"start":{"line":18,"column":6},"end":{"line":18,"column":40}},"9":{"start":{"line":20,"column":4},"end":{"line":20,"column":38}},"10":{"start":{"line":20,"column":33},"end":{"line":20,"column":36}},"11":{"start":{"line":21,"column":4},"end":{"line":21,"column":18}},"12":{"start":{"line":24,"column":2},"end":{"line":26,"column":7}},"13":{"start":{"line":25,"column":4},"end":{"line":25,"column":13}},"14":{"start":{"line":28,"column":2},"end":{"line":51,"column":3}},"15":{"start":{"line":33,"column":7},"end":{"line":33,"column":46}},"16":{"start":{"line":40,"column":7},"end":{"line":40,"column":48}}},"fnMap":{"0":{"name":"(anonymous_0)","decl":{"start":{"line":7,"column":22},"end":{"line":7,"column":23}},"loc":{"start":{"line":7,"column":41},"end":{"line":52,"column":1}},"line":7},"1":{"name":"(anonymous_1)","decl":{"start":{"line":13,"column":18},"end":{"line":13,"column":19}},"loc":{"start":{"line":13,"column":24},"end":{"line":22,"column":3}},"line":13},"2":{"name":"(anonymous_2)","decl":{"start":{"line":20,"column":25},"end":{"line":20,"column":26}},"loc":{"start":{"line":20,"column":33},"end":{"line":20,"column":36}},"line":20},"3":{"name":"(anonymous_3)","decl":{"start":{"line":24,"column":12},"end":{"line":24,"column":13}},"loc":{"start":{"line":24,"column":16},"end":{"line":26,"column":3}},"line":24},"4":{"name":"(anonymous_4)","decl":{"start":{"line":32,"column":16},"end":{"line":32,"column":17}},"loc":{"start":{"line":32,"column":27},"end":{"line":34,"column":7}},"line":32},"5":{"name":"(anonymous_5)","decl":{"start":{"line":39,"column":20},"end":{"line":39,"column":21}},"loc":{"start":{"line":39,"column":28},"end":{"line":41,"column":7}},"line":39}},"branchMap":{},"s":{"0":1,"1":0,"2":0,"3":0,"4":0,"5":0,"6":0,"7":0,"8":0,"9":0,"10":0,"11":0,"12":0,"13":0,"14":0,"15":0,"16":0},"f":{"0":0,"1":0,"2":0,"3":0,"4":0,"5":0},"b":{},"_coverageSchema":"1a1c01bbd47fc00a2c39e90264f33305004495a9","hash":"ac6597d91ba2d10fb7c66ab07582e2a7755d6df9"}
,"/Users/dianachong/HR/rfe2209-fec/src/components/productDetailAttempt/gallery.jsx": {"path":"/Users/dianachong/HR/rfe2209-fec/src/components/productDetailAttempt/gallery.jsx","statementMap":{"0":{"start":{"line":5,"column":30},"end":{"line":5,"column":35}},"1":{"start":{"line":6,"column":15},"end":{"line":6,"column":69}},"2":{"start":{"line":7,"column":16},"end":{"line":43,"column":1}},"3":{"start":{"line":8,"column":40},"end":{"line":8,"column":51}},"4":{"start":{"line":9,"column":42},"end":{"line":9,"column":64}},"5":{"start":{"line":10,"column":2},"end":{"line":16,"column":21}},"6":{"start":{"line":11,"column":4},"end":{"line":11,"column":23}},"7":{"start":{"line":12,"column":4},"end":{"line":15,"column":6}},"8":{"start":{"line":13,"column":6},"end":{"line":13,"column":23}},"9":{"start":{"line":14,"column":6},"end":{"line":14,"column":61}},"10":{"start":{"line":18,"column":2},"end":{"line":20,"column":21}},"11":{"start":{"line":19,"column":4},"end":{"line":19,"column":31}},"12":{"start":{"line":22,"column":24},"end":{"line":27,"column":3}},"13":{"start":{"line":23,"column":4},"end":{"line":26,"column":6}},"14":{"start":{"line":28,"column":2},"end":{"line":42,"column":4}},"15":{"start":{"line":36,"column":10},"end":{"line":36,"column":126}},"16":{"start":{"line":36,"column":46},"end":{"line":36,"column":64}}},"fnMap":{"0":{"name":"(anonymous_0)","decl":{"start":{"line":7,"column":16},"end":{"line":7,"column":17}},"loc":{"start":{"line":7,"column":27},"end":{"line":43,"column":1}},"line":7},"1":{"name":"(anonymous_1)","decl":{"start":{"line":10,"column":12},"end":{"line":10,"column":13}},"loc":{"start":{"line":10,"column":16},"end":{"line":16,"column":3}},"line":10},"2":{"name":"(anonymous_2)","decl":{"start":{"line":12,"column":43},"end":{"line":12,"column":44}},"loc":{"start":{"line":12,"column":49},"end":{"line":15,"column":5}},"line":12},"3":{"name":"(anonymous_3)","decl":{"start":{"line":18,"column":12},"end":{"line":18,"column":13}},"loc":{"start":{"line":18,"column":17},"end":{"line":20,"column":3}},"line":18},"4":{"name":"(anonymous_4)","decl":{"start":{"line":22,"column":24},"end":{"line":22,"column":25}},"loc":{"start":{"line":22,"column":32},"end":{"line":27,"column":3}},"line":22},"5":{"name":"(anonymous_5)","decl":{"start":{"line":35,"column":64},"end":{"line":35,"column":65}},"loc":{"start":{"line":35,"column":75},"end":{"line":37,"column":9}},"line":35},"6":{"name":"(anonymous_6)","decl":{"start":{"line":36,"column":40},"end":{"line":36,"column":41}},"loc":{"start":{"line":36,"column":45},"end":{"line":36,"column":65}},"line":36}},"branchMap":{"0":{"loc":{"start":{"line":32,"column":9},"end":{"line":32,"column":121}},"type":"cond-expr","locations":[{"start":{"line":32,"column":39},"end":{"line":32,"column":116}},{"start":{"line":32,"column":117},"end":{"line":32,"column":121}}],"line":32},"1":{"loc":{"start":{"line":35,"column":9},"end":{"line":37,"column":17}},"type":"cond-expr","locations":[{"start":{"line":35,"column":39},"end":{"line":37,"column":10}},{"start":{"line":37,"column":13},"end":{"line":37,"column":17}}],"line":35}},"s":{"0":1,"1":1,"2":1,"3":0,"4":0,"5":0,"6":0,"7":0,"8":0,"9":0,"10":0,"11":0,"12":0,"13":0,"14":0,"15":0,"16":0},"f":{"0":0,"1":0,"2":0,"3":0,"4":0,"5":0,"6":0},"b":{"0":[0,0],"1":[0,0]},"_coverageSchema":"1a1c01bbd47fc00a2c39e90264f33305004495a9","hash":"3a07da482e9dc02a293750d3b37943c129feaa22"}
,"/Users/dianachong/HR/rfe2209-fec/src/components/productDetailAttempt/info.jsx": {"path":"/Users/dianachong/HR/rfe2209-fec/src/components/productDetailAttempt/info.jsx","statementMap":{"0":{"start":{"line":3,"column":30},"end":{"line":3,"column":35}},"1":{"start":{"line":4,"column":13},"end":{"line":12,"column":1}},"2":{"start":{"line":5,"column":2},"end":{"line":11,"column":4}}},"fnMap":{"0":{"name":"(anonymous_0)","decl":{"start":{"line":4,"column":13},"end":{"line":4,"column":14}},"loc":{"start":{"line":4,"column":24},"end":{"line":12,"column":1}},"line":4}},"branchMap":{},"s":{"0":1,"1":1,"2":0},"f":{"0":0},"b":{},"_coverageSchema":"1a1c01bbd47fc00a2c39e90264f33305004495a9","hash":"b376b71d9085bad5d16bfe283adca78a2f12f990"}
,"/Users/dianachong/HR/rfe2209-fec/src/components/productDetailAttempt/productDetail.jsx": {"path":"/Users/dianachong/HR/rfe2209-fec/src/components/productDetailAttempt/productDetail.jsx","statementMap":{"0":{"start":{"line":8,"column":22},"end":{"line":18,"column":1}},"1":{"start":{"line":9,"column":2},"end":{"line":17,"column":4}}},"fnMap":{"0":{"name":"(anonymous_0)","decl":{"start":{"line":8,"column":22},"end":{"line":8,"column":23}},"loc":{"start":{"line":8,"column":33},"end":{"line":18,"column":1}},"line":8}},"branchMap":{"0":{"loc":{"start":{"line":12,"column":7},"end":{"line":12,"column":68}},"type":"cond-expr","locations":[{"start":{"line":12,"column":26},"end":{"line":12,"column":61}},{"start":{"line":12,"column":64},"end":{"line":12,"column":68}}],"line":12},"1":{"loc":{"start":{"line":14,"column":9},"end":{"line":14,"column":69}},"type":"cond-expr","locations":[{"start":{"line":14,"column":28},"end":{"line":14,"column":62}},{"start":{"line":14,"column":65},"end":{"line":14,"column":69}}],"line":14}},"s":{"0":1,"1":1},"f":{"0":1},"b":{"0":[0,1],"1":[0,1]},"_coverageSchema":"1a1c01bbd47fc00a2c39e90264f33305004495a9","hash":"77d7f268b8b58ca02205d47ab3d44765f1c18cdb"}
,"/Users/dianachong/HR/rfe2209-fec/src/components/relateANDcompare/compareModal.jsx": {"path":"/Users/dianachong/HR/rfe2209-fec/src/components/relateANDcompare/compareModal.jsx","statementMap":{"0":{"start":{"line":5,"column":21},"end":{"line":37,"column":1}},"1":{"start":{"line":8,"column":2},"end":{"line":36,"column":4}},"2":{"start":{"line":9,"column":22},"end":{"line":9,"column":37}},"3":{"start":{"line":12,"column":56},"end":{"line":12,"column":83}},"4":{"start":{"line":29,"column":14},"end":{"line":29,"column":97}}},"fnMap":{"0":{"name":"(anonymous_0)","decl":{"start":{"line":5,"column":21},"end":{"line":5,"column":22}},"loc":{"start":{"line":5,"column":32},"end":{"line":37,"column":1}},"line":5},"1":{"name":"(anonymous_1)","decl":{"start":{"line":9,"column":18},"end":{"line":9,"column":19}},"loc":{"start":{"line":9,"column":22},"end":{"line":9,"column":37}},"line":9},"2":{"name":"(anonymous_2)","decl":{"start":{"line":12,"column":48},"end":{"line":12,"column":49}},"loc":{"start":{"line":12,"column":55},"end":{"line":12,"column":84}},"line":12},"3":{"name":"(anonymous_3)","decl":{"start":{"line":28,"column":35},"end":{"line":28,"column":36}},"loc":{"start":{"line":28,"column":47},"end":{"line":30,"column":13}},"line":28}},"branchMap":{},"s":{"0":2,"1":0,"2":0,"3":0,"4":0},"f":{"0":0,"1":0,"2":0,"3":0},"b":{},"_coverageSchema":"1a1c01bbd47fc00a2c39e90264f33305004495a9","hash":"fad61e123c36ead3d6b32311ac09e635ccebb720"}
,"/Users/dianachong/HR/rfe2209-fec/src/components/relateANDcompare/relateANDcompare.jsx": {"path":"/Users/dianachong/HR/rfe2209-fec/src/components/relateANDcompare/relateANDcompare.jsx","statementMap":{"0":{"start":{"line":7,"column":30},"end":{"line":7,"column":35}},"1":{"start":{"line":8,"column":15},"end":{"line":8,"column":69}},"2":{"start":{"line":9,"column":20},"end":{"line":9,"column":23}},"3":{"start":{"line":10,"column":14},"end":{"line":10,"column":18}},"4":{"start":{"line":11,"column":16},"end":{"line":11,"column":21}},"5":{"start":{"line":14,"column":16},"end":{"line":149,"column":1}},"6":{"start":{"line":15,"column":30},"end":{"line":15,"column":49}},"7":{"start":{"line":16,"column":36},"end":{"line":16,"column":67}},"8":{"start":{"line":17,"column":44},"end":{"line":17,"column":59}},"9":{"start":{"line":18,"column":48},"end":{"line":18,"column":63}},"10":{"start":{"line":19,"column":46},"end":{"line":19,"column":61}},"11":{"start":{"line":21,"column":2},"end":{"line":29,"column":21}},"12":{"start":{"line":22,"column":4},"end":{"line":28,"column":5}},"13":{"start":{"line":23,"column":6},"end":{"line":23,"column":39}},"14":{"start":{"line":25,"column":6},"end":{"line":27,"column":9}},"15":{"start":{"line":26,"column":8},"end":{"line":26,"column":38}},"16":{"start":{"line":31,"column":2},"end":{"line":33,"column":15}},"17":{"start":{"line":32,"column":4},"end":{"line":32,"column":44}},"18":{"start":{"line":36,"column":23},"end":{"line":42,"column":3}},"19":{"start":{"line":37,"column":4},"end":{"line":41,"column":7}},"20":{"start":{"line":44,"column":23},"end":{"line":55,"column":3}},"21":{"start":{"line":45,"column":4},"end":{"line":54,"column":6}},"22":{"start":{"line":46,"column":6},"end":{"line":53,"column":8}},"23":{"start":{"line":47,"column":18},"end":{"line":47,"column":20}},"24":{"start":{"line":48,"column":8},"end":{"line":50,"column":10}},"25":{"start":{"line":49,"column":10},"end":{"line":49,"column":51}},"26":{"start":{"line":49,"column":35},"end":{"line":49,"column":51}},"27":{"start":{"line":51,"column":8},"end":{"line":51,"column":31}},"28":{"start":{"line":52,"column":8},"end":{"line":52,"column":80}},"29":{"start":{"line":57,"column":19},"end":{"line":63,"column":3}},"30":{"start":{"line":58,"column":4},"end":{"line":62,"column":7}},"31":{"start":{"line":65,"column":15},"end":{"line":69,"column":3}},"32":{"start":{"line":66,"column":24},"end":{"line":66,"column":74}},"33":{"start":{"line":67,"column":4},"end":{"line":67,"column":45}},"34":{"start":{"line":68,"column":4},"end":{"line":68,"column":30}},"35":{"start":{"line":71,"column":20},"end":{"line":81,"column":3}},"36":{"start":{"line":72,"column":24},"end":{"line":72,"column":74}},"37":{"start":{"line":73,"column":4},"end":{"line":80,"column":5}},"38":{"start":{"line":74,"column":6},"end":{"line":74,"column":30}},"39":{"start":{"line":75,"column":6},"end":{"line":75,"column":32}},"40":{"start":{"line":77,"column":6},"end":{"line":77,"column":31}},"41":{"start":{"line":78,"column":6},"end":{"line":78,"column":32}},"42":{"start":{"line":79,"column":6},"end":{"line":79,"column":33}},"43":{"start":{"line":83,"column":19},"end":{"line":92,"column":3}},"44":{"start":{"line":84,"column":4},"end":{"line":84,"column":29}},"45":{"start":{"line":85,"column":4},"end":{"line":85,"column":30}},"46":{"start":{"line":86,"column":4},"end":{"line":88,"column":5}}
[...]
,"/Users/dianachong/HR/rfe2209-fec/src/components/reviews/StarRating.jsx": {"path":"/Users/dianachong/HR/rfe2209-fec/src/components/reviews/StarRating.jsx","statementMap":{"0":{"start":{"line":3,"column":19},"end":{"line":43,"column":1}},"1":{"start":{"line":6,"column":30},"end":{"line":6,"column":59}},"2":{"start":{"line":7,"column":28},"end":{"line":7,"column":45}},"3":{"start":{"line":9,"column":2},"end":{"line":42,"column":4}},"4":{"start":{"line":12,"column":8},"end":{"line":12,"column":19}},"5":{"start":{"line":13,"column":8},"end":{"line":39,"column":10}},"6":{"start":{"line":19,"column":14},"end":{"line":24,"column":15}},"7":{"start":{"line":20,"column":16},"end":{"line":20,"column":33}},"8":{"start":{"line":21,"column":16},"end":{"line":23,"column":17}},"9":{"start":{"line":22,"column":18},"end":{"line":22,"column":28}},"10":{"start":{"line":27,"column":14},"end":{"line":29,"column":15}},"11":{"start":{"line":28,"column":16},"end":{"line":28,"column":32}},"12":{"start":{"line":32,"column":14},"end":{"line":34,"column":15}},"13":{"start":{"line":33,"column":16},"end":{"line":33,"column":33}}},"fnMap":{"0":{"name":"(anonymous_0)","decl":{"start":{"line":3,"column":19},"end":{"line":3,"column":20}},"loc":{"start":{"line":3,"column":54},"end":{"line":43,"column":1}},"line":3},"1":{"name":"(anonymous_1)","decl":{"start":{"line":11,"column":25},"end":{"line":11,"column":26}},"loc":{"start":{"line":11,"column":42},"end":{"line":40,"column":7}},"line":11},"2":{"name":"(anonymous_2)","decl":{"start":{"line":18,"column":21},"end":{"line":18,"column":22}},"loc":{"start":{"line":18,"column":27},"end":{"line":25,"column":13}},"line":18},"3":{"name":"(anonymous_3)","decl":{"start":{"line":26,"column":26},"end":{"line":26,"column":27}},"loc":{"start":{"line":26,"column":32},"end":{"line":30,"column":13}},"line":26},"4":{"name":"(anonymous_4)","decl":{"start":{"line":31,"column":26},"end":{"line":31,"column":27}},"loc":{"start":{"line":31,"column":32},"end":{"line":35,"column":13}},"line":31}},"branchMap":{"0":{"loc":{"start":{"line":17,"column":23},"end":{"line":17,"column":64}},"type":"cond-expr","locations":[{"start":{"line":17,"column":52},"end":{"line":17,"column":56}},{"start":{"line":17,"column":59},"end":{"line":17,"column":64}}],"line":17},"1":{"loc":{"start":{"line":17,"column":33},"end":{"line":17,"column":48}},"type":"binary-expr","locations":[{"start":{"line":17,"column":33},"end":{"line":17,"column":38}},{"start":{"line":17,"column":42},"end":{"line":17,"column":48}}],"line":17},"2":{"loc":{"start":{"line":19,"column":14},"end":{"line":24,"column":15}},"type":"if","locations":[{"start":{"line":19,"column":14},"end":{"line":24,"column":15}},{"start":{},"end":{}}],"line":19},"3":{"loc":{"start":{"line":21,"column":16},"end":{"line":23,"column":17}},"type":"if","locations":[{"start":{"line":21,"column":16},"end":{"line":23,"column":17}},{"start":{},"end":{}}],"line":21},"4":{"loc":{"start":{"line":27,"column":14},"end":{"line":29,"column":15}},"type":"if","locations":[{"start":{"line":27,"column":14},"end":{"line":29,"column":15}},{"start":{},"end":{}}],"line":27},"5":{"loc":{"start":{"line":32,"column":14},"end":{"line":34,"column":15}},"type":"if","locations":[{"start":{"line":32,"column":14},"end":{"line":34,"column":15}},{"start":{},"end":{}}],"line":32}},"s":{"0":2,"1":0,"2":0,"3":0,"4":0,"5":0,"6":0,"7":0,"8":0,"9":0,"10":0,"11":0,"12":0,"13":0},"f":{"0":0,"1":0,"2":0,"3":0,"4":0},"b":{"0":[0,0],"1":[0,0],"2":[0,0],"3":[0,0],"4":[0,0],"5":[0,0]},"_coverageSchema":"1a1c01bbd47fc00a2c39e90264f33305004495a9","hash":"b15e5e33517ba75566db20b8c8e6467e18651f57"}
,"/Users/dianachong/HR/rfe2209-fec/src/components/reviews/review.jsx": {"path":"/Users/dianachong/HR/rfe2209-fec/src/components/reviews/review.jsx","statementMap":{"0":{"start":{"line":9,"column":15},"end":{"line":61,"column":1}},"1":{"start":{"line":10,"column":34},"end":{"line":10,"column":55}},"2":{"start":{"line":11,"column":44},"end":{"line":11,"column":65}},"3":{"start":{"line":14,"column":4},"end":{"line":20,"column":5}},"4":{"start":{"line":15,"column":6},"end":{"line":15,"column":29}},"5":{"start":{"line":16,"column":6},"end":{"line":16,"column":27}},"6":{"start":{"line":17,"column":6},"end":{"line":19,"column":67}},"7":{"start":{"line":18,"column":28},"end":{"line":18,"column":77}},"8":{"start":{"line":19,"column":24},"end":{"line":19,"column":66}},"9":{"start":{"line":23,"column":4},"end":{"line":28,"column":5}},"10":{"start":{"line":24,"column":6},"end":{"line":24,"column":24}},"11":{"start":{"line":25,"column":6},"end":{"line":27,"column":68}},"12":{"start":{"line":26,"column":28},"end":{"line":26,"column":71}},"13":{"start":{"line":27,"column":24},"end":{"line":27,"column":67}},"14":{"start":{"line":31,"column":2},"end":{"line":60,"column":3}},"15":{"start":{"line":46,"column":10},"end":{"line":48,"column":11}}},"fnMap":{"0":{"name":"(anonymous_0)","decl":{"start":{"line":9,"column":15},"end":{"line":9,"column":16}},"loc":{"start":{"line":9,"column":29},"end":{"line":61,"column":1}},"line":9},"1":{"name":"onHelpful","decl":{"start":{"line":13,"column":11},"end":{"line":13,"column":20}},"loc":{"start":{"line":13,"column":23},"end":{"line":21,"column":3}},"line":13},"2":{"name":"(anonymous_2)","decl":{"start":{"line":18,"column":14},"end":{"line":18,"column":15}},"loc":{"start":{"line":18,"column":28},"end":{"line":18,"column":77}},"line":18},"3":{"name":"(anonymous_3)","decl":{"start":{"line":19,"column":15},"end":{"line":19,"column":16}},"loc":{"start":{"line":19,"column":24},"end":{"line":19,"column":66}},"line":19},"4":{"name":"onReport","decl":{"start":{"line":22,"column":11},"end":{"line":22,"column":19}},"loc":{"start":{"line":22,"column":22},"end":{"line":29,"column":3}},"line":22},"5":{"name":"(anonymous_5)","decl":{"start":{"line":26,"column":14},"end":{"line":26,"column":15}},"loc":{"start":{"line":26,"column":28},"end":{"line":26,"column":71}},"line":26},"6":{"name":"(anonymous_6)","decl":{"start":{"line":27,"column":15},"end":{"line":27,"column":16}},"loc":{"start":{"line":27,"column":24},"end":{"line":27,"column":67}},"line":27},"7":{"name":"(anonymous_7)","decl":{"start":{"line":45,"column":44},"end":{"line":45,"column":45}},"loc":{"start":{"line":45,"column":58},"end":{"line":49,"column":9}},"line":45}},"branchMap":{"0":{"loc":{"start":{"line":14,"column":4},"end":{"line":20,"column":5}},"type":"if","locations":[{"start":{"line":14,"column":4},"end":{"line":20,"column":5}},{"start":{},"end":{}}],"line":14},"1":{"loc":{"start":{"line":23,"column":4},"end":{"line":28,"column":5}},"type":"if","locations":[{"start":{"line":23,"column":4},"end":{"line":28,"column":5}},{"start":{},"end":{}}],"line":23},"2":{"loc":{"start":{"line":34,"column":9},"end":{"line":34,"column":86}},"type":"binary-expr","locations":[{"start":{"line":34,"column":9},"end":{"line":34,"column":22}},{"start":{"line":34,"column":26},"end":{"line":34,"column":86}}],"line":34},"3":{"loc":{"start":{"line":37,"column":11},"end":{"line":37,"column":68}},"type":"binary-expr","locations":[{"start":{"line":37,"column":11},"end":{"line":37,"column":31}},{"start":{"line":37,"column":35},"end":{"line":37,"column":68}}],"line":37},"4":{"loc":{"start":{"line":39,"column":11},"end":{"line":39,"column":84}},"type":"binary-expr","locations":[{"start":{"line":39,"column":11},"end":{"line":39,"column":22}},{"start":{"line":39,"column":26},"end":{"line":39,"column":84}}],"line":39},"5":{"loc":{"start":{"line":45,"column":9},"end":{"line":49,"column":10}},"type":"binary-expr","locations":[{"start":{"line":45,"column":9},"end":{"line":45,"column":22}},{"start":{"line":45,"column":26},"end":{"line":49,"column":10}}],"line":45},"6":{"loc":{"start":{"line":51,"column":7},"end":{"line":51,"column":93}},"type":"binary-expr","locations":[{"start":{"line":51,"column":7},"end":{"line":51,"column":23}},{"start":{"line":51,"column":27},"end":{"line":51,"column":93}}],"line":51},"7":{"loc":{"start":{"line":52,"column":7},"end":{"line":52,"column":95}},"type":"binary-expr","locations":[{"start":{"line":52,"column":7},"end":{"line":52,"column":22}},{"start":{"line":52,"column":26},"end":{"line":52,"column":95}}],"line":52}},"s":{"0":2,"1":0,"2":0,"3":0,"4":0,"5":0,"6":0,"7":0,"8":0,"9":0,"10":0,"11":0,"12":0,"13":0,"14":0,"15":0},"f":{"0":0,"1":0,"2":0,"3":0,"4":0,"5":0,"6":0,"7":0},"b":{"0":[0,0],"1":[0,0],"2":[0,0],"3":[0,0],"4":[0,0],"5":[0,0],"6":[0,0],"7":[0,0]},"_coverageSchema":"1a1c01bbd47fc00a2c39e90264f33305004495a9","hash":"e8c0a7e7717ccda9e5cbf8633503658735ebd305"}
,"/Users/dianachong/HR/rfe2209-fec/src/components/reviews/reviews.jsx": {"path":"/Users/dianachong/HR/rfe2209-fec/src/components/reviews/reviews.jsx","statementMap":{"0":{"start":{"line":9,"column":0},"end":{"line":9,"column":57}},"1":{"start":{"line":18,"column":16},"end":{"line":152,"column":1}},"2":{"start":{"line":19,"column":32},"end":{"line":19,"column":50}},"3":{"start":{"line":20,"column":26},"end":{"line":20,"column":52}},"4":{"start":{"line":21,"column":42},"end":{"line":21,"column":59}},"5":{"start":{"line":22,"column":32},"end":{"line":22,"column":52}},"6":{"start":{"line":23,"column":48},"end":{"line":23,"column":68}},"7":{"start":{"line":24,"column":40},"end":{"line":24,"column":60}},"8":{"start":{"line":25,"column":32},"end":{"line":25,"column":98}},"9":{"start":{"line":26,"column":44},"end":{"line":26,"column":65}},"10":{"start":{"line":31,"column":2},"end":{"line":31,"column":47}},"11":{"start":{"line":34,"column":4},"end":{"line":58,"column":5}},"12":{"start":{"line":35,"column":6},"end":{"line":57,"column":10}},"13":{"start":{"line":37,"column":10},"end":{"line":37,"column":44}},"14":{"start":{"line":38,"column":10},"end":{"line":38,"column":60}},"15":{"start":{"line":39,"column":10},"end":{"line":39,"column":52}},"16":{"start":{"line":40,"column":29},"end":{"line":40,"column":30}},"17":{"start":{"line":41,"column":10},"end":{"line":43,"column":11}},"18":{"start":{"line":42,"column":12},"end":{"line":42,"column":63}},"19":{"start":{"line":45,"column":10},"end":{"line":53,"column":14}},"20":{"start":{"line":47,"column":14},"end":{"line":47,"column":47}},"21":{"start":{"line":52,"column":14},"end":{"line":52,"column":63}},"22":{"start":{"line":56,"column":10},"end":{"line":56,"column":62}},"23":{"start":{"line":62,"column":4},"end":{"line":62,"column":38}},"24":{"start":{"line":66,"column":16},"end":{"line":66,"column":17}},"25":{"start":{"line":67,"column":23},"end":{"line":67,"column":24}},"26":{"start":{"line":68,"column":4},"end":{"line":71,"column":5}},"27":{"start":{"line":69,"column":6},"end":{"line":69,"column":43}},"28":{"start":{"line":70,"column":6},"end":{"line":70,"column":50}},"29":{"start":{"line":72,"column":4},"end":{"line":72,"column":58}},"30":{"start":{"line":76,"column":25},"end":{"line":76,"column":30}},"31":{"start":{"line":77,"column":4},"end":{"line":79,"column":7}},"32":{"start":{"line":78,"column":6},"end":{"line":78,"column":54}},"33":{"start":{"line":80,"column":4},"end":{"line":80,"column":26}},"34":{"start":{"line":84,"column":4},"end":{"line":90,"column":5}},"35":{"start":{"line":85,"column":6},"end":{"line":85,"column":21}},"36":{"start":{"line":87,"column":6},"end":{"line":89,"column":9}},"37":{"start":{"line":88,"column":8},"end":{"line":88,"column":38}},"38":{"start":{"line":94,"column":4},"end":{"line":98,"column":5}},"39":{"start":{"line":95,"column":23},"end":{"line":95,"column":49}},"40":{"start":{"line":96,"column":6},"end":{"line":96,"column":66}},"41":{"start":{"line":97,"column":6},"end":{"line":97,"column":29}},"42":{"start":{"line":102,"column":4},"end":{"line":102,"column":56}},"43":{"start":{"line":105,"column":2},"end":{"line":151,"column":3}},"44":{"start":{"line":117,"column":12},"end":{"line":119,"column":13}},"45":{"start":{"line":118,"column":14},"end":{"line":118,"column":83}},"46":{"start":{"line":121,"column":65},"end":{"line":121,"column":127}},"47":{"start":{"line":126,"column":14},"end":{"line":126,"column":104}},"48":{"start":{"line":143,"column":62},"end":{"line":143,"column":84}}},"fnMap":{"0":{"name":"(anonymous_0)","decl":{"start":{"line":18,"column":16},"end":{"line":18,"column":17}},"loc":{"start":{"line":18,"column":31},"end":{"line":152,"column":1}},"line":18},"1":{"name":"getReviews","decl":{"start":{"line":33,"column":11},"end":{"line":33,"column":21}},"loc":{"start":{"line":33,"column":24},"end":{"line":59,"column":3}},"line":33},"2":{"name":"(anonymous_2)","decl":{"start":{"line":36,"column":14},"end":{"line":36,"column":15}},"loc":{"start":{"line":36,"column":28},"end":{"line":54,"column":9}},"line":36},"3":{"name":"(anonymous_3)","decl":{"start":{"line":46,"column":18},"end":{"line":46,"column":19}},"loc":{"start":{"line":46,"column":31},"end":{"line":50,"column":13}},"line":46},"4":{"name":"(anonymous_4)","decl":{"start":{"line":51,"column":19},"end":{"line":51,"column":20}},"loc":{"start":{"line":51,"column":28},"end":{"line":53,"column":13}},"line":51},"5":{"name":"(anonymous_5)","decl":{"start":{"line":55,"column":15},"end":{"line":55,"column":16}},"loc":{"start":{"line":55,"column":24},"end":{"line":57,"column":9}},"line":55},"6":{"name":"addReviews","decl":{"start":{"line":61,"column":11},"end":{"line":61,"column":21}},"loc":{"start":{"line":61,"column":24},"end":{"line":63,"column":3}},"line":61},"7":{"name":"averageStarRating","decl":{"start":{"line":65,"column":11},"end":{"line":65,"column":28}},"loc":{"start":{"line":65,"column":31},"end":{"line":73,"column":3}},"line":65},"8":{"name":"filtered","decl":{"start":{"line":75,"column":11},"end":{"line":75,"column":19}},"loc":{"start":{"line":75,"column":22},"end":{"line":81,"column":3}},"line":75},"9":{"name":"(anonymous_9)","decl":{"start":{"line":77,"column":33},"end":{"line":77,"column":34}},"loc":{"start":{"line":77,"column":40},"end":{"line":79,"column":5}},"line":77},"10":{"name":"getAvailableReviews","decl":{"start":{"line":83,"column":11},"end":{"line":83,"column":30}},"loc":{"start":{"line":83,"column":33},"end":{"line":91,"column":3}},"line":83},"11":{"name":"(anonymous_11)","decl":{"start":{"line":87,"column":28},"end":{"line":87,"column":29}},"loc":{"start":{"line":87,"column":38},"end":{"line":89,"column":7}},"line":87},"12":{"name":"unFilterByRating","decl":{"start":{"line":93,"column":11},"end":{"line":93,"column":27}},"loc":{"start":{"line":93,"column":31},"end":{"line":99,"column":3}},"line":93},"13":{"name":"getShownReviews","decl":{"start":{"line":101,"column":11},"end":{"line":101,"column":26}},"loc":{"start":{"line":101,"column":29},"end":{"line":103,"column":3}},"line":101},"14":{"name":"(anonymous_14)","decl":{"start":{"line":116,"column":36},"end":{"line":116,"column":37}},"loc":{"start":{"line":116,"column":43},"end":{"line":120,"column":11}},"line":116},"15":{"name":"(anonymous_15)","decl":{"start":{"line":121,"column":58},"end":{"line":121,"column":59}},"loc":{"start":{"line":121,"column":64},"end":{"line":121,"column":128}},"line":121},"16":{"name":"(anonymous_16)","decl":{"start":{"line":124,"column":46},"end":{"line":124,"column":47}},"loc":{"start":{"line":124,"column":58},"end":{"line":127,"column":13}},"line":124},"17":{"name":"(anonymous_17)","decl":{"start":{"line":143,"column":56},"end":{"line":143,"column":57}},"loc":{"start":{"line":143,"column":62},"end":{"line":143,"column":84}},"line":143}},"branchMap":{"0":{"loc":{"start":{"line":34,"column":4},"end":{"line":58,"column":5}},"type":"if","locations":[{"start":{"line":34,"column":4},"end":{"line":58,"column":5}},{"start":{},"end":{}}],"line":34},"1":{"loc":{"start":{"line":78,"column":23},"end":{"line":78,"column":53}},"type":"binary-expr","locations":[{"start":{"line":78,"column":23},"end":{"line":78,"column":35}},{"start":{"line":78,"column":39},"end":{"line":78,"column":53}}],"line":78},"2":{"loc":{"start":{"line":84,"column":4},"end":{"line":90,"column":5}},"type":"if","locations":[{"start":{"line":84,"column":4},"end":{"line":90,"column":5}},{"start":{"line":86,"column":11},"end":{"line":90,"column":5}}],"line":84},"3":{"loc":{"start":{"line":94,"column":4},"end":{"line":98,"column":5}},"type":"if","locations":[{"start":{"line":94,"column":4},"end":{"line":98,"column":5}},{"start":{},"end":{}}],"line":94},"4":{"loc":{"start":{"line":109,"column":9},"end":{"line":112,"column":14}},"type":"binary-expr","locations":[{"start":{"line":109,"column":9},"end":{"line":109,"column":16}},{"start":{"line":109,"column":20},"end":{"line":112,"column":14}}],"line":109},"5":{"loc":{"start":{"line":113,"column":9},"end":{"line":113,"column":170}},"type":"binary-expr","locations":[{"start":{"line":113,"column":9},"end":{"line":113,"column":20}},{"start":{"line":113,"column":24},"end":{"line":113,"column":170}}],"line":113},"6":{"loc":{"start":{"line":114,"column":9},"end":{"line":114,"column":98}},"type":"binary-expr","locations":[{"start":{"line":114,"column":9},"end":{"line":114,"column":16}},{"start":{"line":114,"column":20},"end":{"line":114,"column":98}}],"line":114},"7":{"loc":{"start":{"line":117,"column":12},"end":{"line":119,"column":13}},"type":"if","locations":[{"start":{"line":117,"column":12},"end":{"line":119,"column":13}},{"start":{},"end":{}}],"line":117},"8":{"loc":{"start":{"line":121,"column":11},"end":{"line":121,"column":139}},"type":"binary-expr","locations":[{"start":{"line":121,"column":11},"end":{"line":121,"column":21}},{"start":{"line":121,"column":25},"end":{"line":121,"column":139}}],"line":121},"9":{"loc":{"start":{"line":123,"column":9},"end":{"line":128,"column":16}},"type":"binary-expr","locations":[{"start":{"line":123,"column":9},"end":{"line":123,"column":24}},{"start":{"line":123,"column":28},"end":{"line":128,"column":16}}],"line":123},"10":{"loc":{"start":{"line":131,"column":9},"end":{"line":145,"column":14}},"type":"binary-expr","locations":[{"start":{"line":131,"column":9},"end":{"line":131,"column":31}},{"start":{"line":131,"column":35},"end":{"line":145,"column":14}}],"line":131},"11":{"loc":{"start":{"line":142,"column":13},"end":{"line":142,"column":135}},"type":"binary-expr","locations":[{"start":{"line":142,"column":14},"end":{"line":142,"column":57}},{"start":{"line":142,"column":62},"end":{"line":142,"column":135}}],"line":142},"12":{"loc":{"start":{"line":149,"column":7},"end":{"line":149,"column":149}},"type":"binary-expr","locations":[{"start":{"line":149,"column":7},"end":{"line":149,"column":20}},{"start":{"line":149,"column":24},"end":{"line":149,"column":149}}],"line":149}},"s":{"0":2,"1":2,"2":2,"3":2,"4":2,"5":2,"6":2,"7":2,"8":2,"9":2,"10":2,"11":0,"12":0,"13":0,"14":0,"15":0,"16":0,"17":0,"18":0,"19":0,"20":0,"21":0,"22":0,"23":0,"24":0,"25":0,"26":0,"27":0,"28":0,"29":0,"30":2,"31":2,"32":10,"33":2,"34":0,"35":0,"36":0,"37":0,"38":0,"39":0,"40":0,"41":0,"42":0,"43":2,"44":10,"45":0,"46":0,"47":0,"48":0},"f":{"0":2,"1":0,"2":0,"3":0,"4":0,"5":0,"6":0,"7":0,"8":2,"9":10,"10":0,"11":0,"12":0,"13":0,"14":10,"15":0,"16":0,"17":0},"b":{"0":[0,0],"1":[10,10],"2":[0,0],"3":[0,0],"4":[2,0],"5":[2,0],"6":[2,0],"7":[0,10],"8":[2,0],"9":[2,0],"10":[2,0],"11":[0,0],"12":[2,0]},"_coverageSchema":"1a1c01bbd47fc00a2c39e90264f33305004495a9","hash":"b2cfaa7778235d2cbffa4a65e118ef6a1bb68ff4"}
,"/Users/dianachong/HR/rfe2209-fec/src/lib/getProduct.js": {"path":"/Users/dianachong/HR/rfe2209-fec/src/lib/getProduct.js","statementMap":{"0":{"start":{"line":4,"column":0},"end":{"line":4,"column":57}},"1":{"start":{"line":6,"column":17},"end":{"line":16,"column":1}},"2":{"start":{"line":8,"column":2},"end":{"line":15,"column":4}}},"fnMap":{"0":{"name":"(anonymous_0)","decl":{"start":{"line":6,"column":17},"end":{"line":6,"column":18}},"loc":{"start":{"line":6,"column":23},"end":{"line":16,"column":1}},"line":6}},"branchMap":{},"s":{"0":2,"1":2,"2":0},"f":{"0":0},"b":{},"_coverageSchema":"1a1c01bbd47fc00a2c39e90264f33305004495a9","hash":"2f38da6c3d9a7d54458d254e74db2591ad8a8bfa"}
}
